rock -v -g +-w -sourcepath=source +-lmingw32 +-lSDLmain +-lSDL +-lopengl32 +-lglu32 -nolibcache test/kart -o=kart.x
Parsing source\test\kart.ooc
Parsing i:/Dev/rock\sdk\lang\IO.ooc
Parsing i:/Dev/rock\sdk\lang\Numbers.ooc
Parsing i:/Dev/rock\sdk\lang\System.ooc
Parsing i:/Dev/rock\sdk\lang\types.ooc
Parsing i:/Dev/rock\sdk\lang\Memory.ooc
Parsing i:/Dev/rock\sdk\lang\Buffer.ooc
Parsing i:/Dev/rock\sdk\lang\Exception.ooc
Parsing i:/Dev/rock\sdk\lang\Character.ooc
Parsing i:/Dev/rock\sdk\lang\String.ooc
Parsing i:/Dev/rock\sdk\lang\VarArgs.ooc
Parsing i:/Dev/rock\sdk\lang\BufferIterator.ooc
Parsing i:/Dev/rock\sdk\lang\Iterators.ooc
Parsing i:/Dev/rock\sdk\structs\List.ooc
Parsing i:/Dev/rock\sdk\structs\ArrayList.ooc
Parsing i:/Dev/rock\sdk\threading\Thread.ooc
Parsing i:/Dev/rock\sdk\structs\Stack.ooc
Parsing i:/Dev/rock\sdk\native\win32\errors.ooc
Parsing i:/Dev/rock\sdk\math\Random.ooc
Parsing i:/Dev/rock\sdk\os\Time.ooc
Parsing i:/Dev/rock\sdk\native\win32\types.ooc
Parsing i:/Dev/rock\sdk\structs\HashMap.ooc
Parsing i:/Dev/rock\sdk\threading\native\ThreadUnix.ooc
Parsing i:/Dev/rock\sdk\threading\native\ThreadWin32.ooc
Parsing i:/Dev/rock\sdk\threading\native\MutexUnix.ooc
Parsing i:/Dev/rock\sdk\threading\native\MutexWin32.ooc
Parsing i:/Dev/rock\sdk\threading\native\ThreadLocalUnix.ooc
Parsing i:/Dev/rock\sdk\threading\native\ThreadLocalWin32.ooc
Parsing source\engine\Engine.ooc
Parsing i:/Dev\ooc-glew\./out\glew.ooc
Parsing i:/Dev\ooc-sdl\.\sdl\Core.ooc
Parsing i:/Dev\ooc-sdl\.\sdl\Event.ooc
Parsing source\engine\Entity.ooc
Parsing source\engine\Property.ooc
Parsing source\engine\Types.ooc
Parsing source\engine\Update.ooc
Parsing source\engine\Message.ooc
Parsing i:/Dev/rock\sdk\structs\LinkedList.ooc
Parsing i:/Dev/rock\sdk\os\Terminal.ooc
Parsing i:/Dev/rock\sdk\os\unistd.ooc
Parsing i:/Dev/rock\sdk\math.ooc
Parsing i:/Dev/rock\sdk\io\File.ooc
Parsing i:/Dev/rock\sdk\io\FileReader.ooc
Parsing i:/Dev/rock\sdk\io\Reader.ooc
Parsing i:/Dev/rock\sdk\io\FileWriter.ooc
Parsing i:/Dev/rock\sdk\io\Writer.ooc
Parsing i:/Dev/rock\sdk\io\BufferWriter.ooc
Parsing i:/Dev/rock\sdk\io\BufferReader.ooc
Parsing i:/Dev/rock\sdk\io\native\FileWin32.ooc
Parsing i:/Dev/rock\sdk\io\native\FileUnix.ooc
Parsing source\gfx\Scene.ooc
Parsing i:/Dev\ooc-glu\.\glu\Glu.ooc
Parsing i:/Dev\ooc-sdl\.\sdl\Video.ooc
Parsing source\hud\Hud.ooc
Parsing source\gfx\Model.ooc
Parsing source\gfx\StaticMesh.ooc
Parsing source\gfx\ShaderProgram.ooc
Parsing source\gfx\Texture.ooc
Parsing i:/Dev\ooc-devil\source\devil.ooc
Parsing source\console\Console.ooc
Parsing i:/Dev\ooc-ftgl\source\ftgl.ooc
Parsing i:/Dev/rock\sdk\text\StringTokenizer.ooc
Parsing source\engine\EventMapper.ooc
Parsing source\gfx\RenderWindow.ooc
Parsing source\hud\Window.ooc
Parsing source\hud\Widget.ooc
Parsing source\console\Command.ooc
Parsing source\gfx\Camera.ooc
Parsing source\gfx\Cube.ooc
Parsing source\gfx\Quad.ooc
Parsing source\gfx\gl\GLPrimitives.ooc
Parsing source\gfx\Line.ooc
Parsing source\physics\Body.ooc
Parsing source\physics\Force.ooc
Parsing source\physics\Geometry.ooc
Parsing source\physics\CollisionHandlerFactory.ooc
Parsing source\ooc-hackit.ooc
Parsing source\physics\Box.ooc
Parsing source\physics\Sphere.ooc
Parsing source\physics\sphereSphereCH.ooc
Parsing source\physics\sphereBoxCH.ooc
Parsing source\physics\boxBoxCH.ooc
Parsing source\physics\calculateAABB.ooc
Parsing source\gameplay\Kart.ooc
Parsing source\gfx\md5\MD5Loader.ooc
Parsing source\gfx\md5\MD5Model.ooc
Parsing source\gfx\r2m\R2MModel.ooc
Parsing source\physics\PhysicsEngine.ooc
Parsing source\gfx\r2m\R2MLoader.ooc
Parsing source\hud\ConvertCoords.ooc
Parsing source\hud\SpeedoMeter.ooc
Finished parsing, now tinkering...                                                   

source\gfx\Line.ooc:16:42 INFO Score of (this begin, this end) = (begin, end) = -100000 ((Float3, Float3) vs (Float3, Float3))
        (this begin, this end) = (begin, end)
                                         ~~~ 

source\physics\sphereBoxCH.ooc:29:47 INFO Score of (sphereCenter x, sphereCenter y) = (sphereCenter x * cos(rotationAngle) - sphereCenter y * sin(rotationAngle), sphereCenter x * sin(rotationAngle) + sphereCenter y * cos(rotationAngle)) = -100000 ((Float, Float) vs (Float, Float))
            sphereCenter y * cos(rotationAngle))
                                                

source\physics\sphereBoxCH.ooc:91:47 INFO Score of (reaction x, reaction y) = (reaction x * cos(rotationAngle) - reaction y * sin(rotationAngle), reaction x * sin(rotationAngle) + reaction y * cos(rotationAngle)) = -100000 ((Float, Float) vs (Float, Float))
                reaction y * cos(rotationAngle))
                                                

source\physics\calculateAABB.ooc:38:44 INFO Score of (boxCenter x, boxCenter y) = (boxCenter x * cos(rotationAngle) - boxCenter y * sin(rotationAngle), boxCenter x * sin(rotationAngle) + boxCenter y * cos(rotationAngle)) = -100000 ((Float, Float) vs (Float, Float))
            boxCenter y * cos(rotationAngle))
                                             
Sequence driver, using 1 thread
Must clean and rock_tmp doesn't exist, re-generating
Copying local headers
Re-generating all modules...
Re-generating all modules...
Re-generating all modules...
Re-generating all modules...
source, Compiling all modules...
gcc.exe -std=gnu99 -Wall -g -Ii:/Dev/rock\libs/headers/ -Irock_tmp -w -lmingw32 -lSDLmain -lSDL -lopengl32 -lglu32 -c rock_tmp\source\test\kart.c -o rock_tmp\test_kart.o -Ii:/Dev/rock\libs/headers/ -Irock_tmp -D__OOC_USE_GC__ -DGC_NO_THREAD_REDIRECTS -I.libs\source -I.libs\sdk -I.libs\./out -I.libs\. -w -lmingw32 -lSDLmain -lSDL -lopengl32 -lglu32 -lGLEW -lIL -lILU -lILUT -lftgl -lm 
gcc.exe -std=gnu99 -Wall -g -Ii:/Dev/rock\libs/headers/ -Irock_tmp -w -lmingw32 -lSDLmain -lSDL -lopengl32 -lglu32 -c rock_tmp\source\engine\Engine.c -o rock_tmp\engine_Engine.o -Ii:/Dev/rock\libs/headers/ -Irock_tmp -D__OOC_USE_GC__ -DGC_NO_THREAD_REDIRECTS -I.libs\source -I.libs\sdk -I.libs\./out -I.libs\. -w -lmingw32 -lSDLmain -lSDL -lopengl32 -lglu32 -lGLEW -lIL -lILU -lILUT -lftgl -lm 
gcc.exe -std=gnu99 -Wall -g -Ii:/Dev/rock\libs/headers/ -Irock_tmp -w -lmingw32 -lSDLmain -lSDL -lopengl32 -lglu32 -c rock_tmp\source\engine\Entity.c -o rock_tmp\engine_Entity.o -Ii:/Dev/rock\libs/headers/ -Irock_tmp -D__OOC_USE_GC__ -DGC_NO_THREAD_REDIRECTS -I.libs\source -I.libs\sdk -I.libs\./out -I.libs\. -w -lmingw32 -lSDLmain -lSDL -lopengl32 -lglu32 -lGLEW -lIL -lILU -lILUT -lftgl -lm 
gcc.exe -std=gnu99 -Wall -g -Ii:/Dev/rock\libs/headers/ -Irock_tmp -w -lmingw32 -lSDLmain -lSDL -lopengl32 -lglu32 -c rock_tmp\source\engine\Property.c -o rock_tmp\engine_Property.o -Ii:/Dev/rock\libs/headers/ -Irock_tmp -D__OOC_USE_GC__ -DGC_NO_THREAD_REDIRECTS -I.libs\source -I.libs\sdk -I.libs\./out -I.libs\. -w -lmingw32 -lSDLmain -lSDL -lopengl32 -lglu32 -lGLEW -lIL -lILU -lILUT -lftgl -lm 
gcc.exe -std=gnu99 -Wall -g -Ii:/Dev/rock\libs/headers/ -Irock_tmp -w -lmingw32 -lSDLmain -lSDL -lopengl32 -lglu32 -c rock_tmp\source\engine\Types.c -o rock_tmp\engine_Types.o -Ii:/Dev/rock\libs/headers/ -Irock_tmp -D__OOC_USE_GC__ -DGC_NO_THREAD_REDIRECTS -I.libs\source -I.libs\sdk -I.libs\./out -I.libs\. -w -lmingw32 -lSDLmain -lSDL -lopengl32 -lglu32 -lGLEW -lIL -lILU -lILUT -lftgl -lm 
gcc.exe -std=gnu99 -Wall -g -Ii:/Dev/rock\libs/headers/ -Irock_tmp -w -lmingw32 -lSDLmain -lSDL -lopengl32 -lglu32 -c rock_tmp\source\engine\Update.c -o rock_tmp\engine_Update.o -Ii:/Dev/rock\libs/headers/ -Irock_tmp -D__OOC_USE_GC__ -DGC_NO_THREAD_REDIRECTS -I.libs\source -I.libs\sdk -I.libs\./out -I.libs\. -w -lmingw32 -lSDLmain -lSDL -lopengl32 -lglu32 -lGLEW -lIL -lILU -lILUT -lftgl -lm 
gcc.exe -std=gnu99 -Wall -g -Ii:/Dev/rock\libs/headers/ -Irock_tmp -w -lmingw32 -lSDLmain -lSDL -lopengl32 -lglu32 -c rock_tmp\source\engine\Message.c -o rock_tmp\engine_Message.o -Ii:/Dev/rock\libs/headers/ -Irock_tmp -D__OOC_USE_GC__ -DGC_NO_THREAD_REDIRECTS -I.libs\source -I.libs\sdk -I.libs\./out -I.libs\. -w -lmingw32 -lSDLmain -lSDL -lopengl32 -lglu32 -lGLEW -lIL -lILU -lILUT -lftgl -lm 
gcc.exe -std=gnu99 -Wall -g -Ii:/Dev/rock\libs/headers/ -Irock_tmp -w -lmingw32 -lSDLmain -lSDL -lopengl32 -lglu32 -c rock_tmp\source\gfx\Scene.c -o rock_tmp\gfx_Scene.o -Ii:/Dev/rock\libs/headers/ -Irock_tmp -D__OOC_USE_GC__ -DGC_NO_THREAD_REDIRECTS -I.libs\source -I.libs\sdk -I.libs\./out -I.libs\. -w -lmingw32 -lSDLmain -lSDL -lopengl32 -lglu32 -lGLEW -lIL -lILU -lILUT -lftgl -lm 
gcc.exe -std=gnu99 -Wall -g -Ii:/Dev/rock\libs/headers/ -Irock_tmp -w -lmingw32 -lSDLmain -lSDL -lopengl32 -lglu32 -c rock_tmp\source\gfx\Model.c -o rock_tmp\gfx_Model.o -Ii:/Dev/rock\libs/headers/ -Irock_tmp -D__OOC_USE_GC__ -DGC_NO_THREAD_REDIRECTS -I.libs\source -I.libs\sdk -I.libs\./out -I.libs\. -w -lmingw32 -lSDLmain -lSDL -lopengl32 -lglu32 -lGLEW -lIL -lILU -lILUT -lftgl -lm 
gcc.exe -std=gnu99 -Wall -g -Ii:/Dev/rock\libs/headers/ -Irock_tmp -w -lmingw32 -lSDLmain -lSDL -lopengl32 -lglu32 -c rock_tmp\source\gfx\StaticMesh.c -o rock_tmp\gfx_StaticMesh.o -Ii:/Dev/rock\libs/headers/ -Irock_tmp -D__OOC_USE_GC__ -DGC_NO_THREAD_REDIRECTS -I.libs\source -I.libs\sdk -I.libs\./out -I.libs\. -w -lmingw32 -lSDLmain -lSDL -lopengl32 -lglu32 -lGLEW -lIL -lILU -lILUT -lftgl -lm 
gcc.exe -std=gnu99 -Wall -g -Ii:/Dev/rock\libs/headers/ -Irock_tmp -w -lmingw32 -lSDLmain -lSDL -lopengl32 -lglu32 -c rock_tmp\source\gfx\ShaderProgram.c -o rock_tmp\gfx_ShaderProgram.o -Ii:/Dev/rock\libs/headers/ -Irock_tmp -D__OOC_USE_GC__ -DGC_NO_THREAD_REDIRECTS -I.libs\source -I.libs\sdk -I.libs\./out -I.libs\. -w -lmingw32 -lSDLmain -lSDL -lopengl32 -lglu32 -lGLEW -lIL -lILU -lILUT -lftgl -lm 
gcc.exe -std=gnu99 -Wall -g -Ii:/Dev/rock\libs/headers/ -Irock_tmp -w -lmingw32 -lSDLmain -lSDL -lopengl32 -lglu32 -c rock_tmp\source\gfx\Texture.c -o rock_tmp\gfx_Texture.o -Ii:/Dev/rock\libs/headers/ -Irock_tmp -D__OOC_USE_GC__ -DGC_NO_THREAD_REDIRECTS -I.libs\source -I.libs\sdk -I.libs\./out -I.libs\. -w -lmingw32 -lSDLmain -lSDL -lopengl32 -lglu32 -lGLEW -lIL -lILU -lILUT -lftgl -lm 
gcc.exe -std=gnu99 -Wall -g -Ii:/Dev/rock\libs/headers/ -Irock_tmp -w -lmingw32 -lSDLmain -lSDL -lopengl32 -lglu32 -c rock_tmp\source\devil.c -o rock_tmp\devil.o -Ii:/Dev/rock\libs/headers/ -Irock_tmp -D__OOC_USE_GC__ -DGC_NO_THREAD_REDIRECTS -I.libs\source -I.libs\sdk -I.libs\./out -I.libs\. -w -lmingw32 -lSDLmain -lSDL -lopengl32 -lglu32 -lGLEW -lIL -lILU -lILUT -lftgl -lm 
gcc.exe -std=gnu99 -Wall -g -Ii:/Dev/rock\libs/headers/ -Irock_tmp -w -lmingw32 -lSDLmain -lSDL -lopengl32 -lglu32 -c rock_tmp\source\console\Console.c -o rock_tmp\console_Console.o -Ii:/Dev/rock\libs/headers/ -Irock_tmp -D__OOC_USE_GC__ -DGC_NO_THREAD_REDIRECTS -I.libs\source -I.libs\sdk -I.libs\./out -I.libs\. -w -lmingw32 -lSDLmain -lSDL -lopengl32 -lglu32 -lGLEW -lIL -lILU -lILUT -lftgl -lm 
gcc.exe -std=gnu99 -Wall -g -Ii:/Dev/rock\libs/headers/ -Irock_tmp -w -lmingw32 -lSDLmain -lSDL -lopengl32 -lglu32 -c rock_tmp\source\ftgl.c -o rock_tmp\ftgl.o -Ii:/Dev/rock\libs/headers/ -Irock_tmp -D__OOC_USE_GC__ -DGC_NO_THREAD_REDIRECTS -I.libs\source -I.libs\sdk -I.libs\./out -I.libs\. -w -lmingw32 -lSDLmain -lSDL -lopengl32 -lglu32 -lGLEW -lIL -lILU -lILUT -lftgl -lm 
gcc.exe -std=gnu99 -Wall -g -Ii:/Dev/rock\libs/headers/ -Irock_tmp -w -lmingw32 -lSDLmain -lSDL -lopengl32 -lglu32 -c rock_tmp\source\engine\EventMapper.c -o rock_tmp\engine_EventMapper.o -Ii:/Dev/rock\libs/headers/ -Irock_tmp -D__OOC_USE_GC__ -DGC_NO_THREAD_REDIRECTS -I.libs\source -I.libs\sdk -I.libs\./out -I.libs\. -w -lmingw32 -lSDLmain -lSDL -lopengl32 -lglu32 -lGLEW -lIL -lILU -lILUT -lftgl -lm 
gcc.exe -std=gnu99 -Wall -g -Ii:/Dev/rock\libs/headers/ -Irock_tmp -w -lmingw32 -lSDLmain -lSDL -lopengl32 -lglu32 -c rock_tmp\source\gfx\RenderWindow.c -o rock_tmp\gfx_RenderWindow.o -Ii:/Dev/rock\libs/headers/ -Irock_tmp -D__OOC_USE_GC__ -DGC_NO_THREAD_REDIRECTS -I.libs\source -I.libs\sdk -I.libs\./out -I.libs\. -w -lmingw32 -lSDLmain -lSDL -lopengl32 -lglu32 -lGLEW -lIL -lILU -lILUT -lftgl -lm 
gcc.exe -std=gnu99 -Wall -g -Ii:/Dev/rock\libs/headers/ -Irock_tmp -w -lmingw32 -lSDLmain -lSDL -lopengl32 -lglu32 -c rock_tmp\source\hud\Window.c -o rock_tmp\hud_Window.o -Ii:/Dev/rock\libs/headers/ -Irock_tmp -D__OOC_USE_GC__ -DGC_NO_THREAD_REDIRECTS -I.libs\source -I.libs\sdk -I.libs\./out -I.libs\. -w -lmingw32 -lSDLmain -lSDL -lopengl32 -lglu32 -lGLEW -lIL -lILU -lILUT -lftgl -lm 
gcc.exe -std=gnu99 -Wall -g -Ii:/Dev/rock\libs/headers/ -Irock_tmp -w -lmingw32 -lSDLmain -lSDL -lopengl32 -lglu32 -c rock_tmp\source\hud\Widget.c -o rock_tmp\hud_Widget.o -Ii:/Dev/rock\libs/headers/ -Irock_tmp -D__OOC_USE_GC__ -DGC_NO_THREAD_REDIRECTS -I.libs\source -I.libs\sdk -I.libs\./out -I.libs\. -w -lmingw32 -lSDLmain -lSDL -lopengl32 -lglu32 -lGLEW -lIL -lILU -lILUT -lftgl -lm 
gcc.exe -std=gnu99 -Wall -g -Ii:/Dev/rock\libs/headers/ -Irock_tmp -w -lmingw32 -lSDLmain -lSDL -lopengl32 -lglu32 -c rock_tmp\source\console\Command.c -o rock_tmp\console_Command.o -Ii:/Dev/rock\libs/headers/ -Irock_tmp -D__OOC_USE_GC__ -DGC_NO_THREAD_REDIRECTS -I.libs\source -I.libs\sdk -I.libs\./out -I.libs\. -w -lmingw32 -lSDLmain -lSDL -lopengl32 -lglu32 -lGLEW -lIL -lILU -lILUT -lftgl -lm 
gcc.exe -std=gnu99 -Wall -g -Ii:/Dev/rock\libs/headers/ -Irock_tmp -w -lmingw32 -lSDLmain -lSDL -lopengl32 -lglu32 -c rock_tmp\source\gfx\Camera.c -o rock_tmp\gfx_Camera.o -Ii:/Dev/rock\libs/headers/ -Irock_tmp -D__OOC_USE_GC__ -DGC_NO_THREAD_REDIRECTS -I.libs\source -I.libs\sdk -I.libs\./out -I.libs\. -w -lmingw32 -lSDLmain -lSDL -lopengl32 -lglu32 -lGLEW -lIL -lILU -lILUT -lftgl -lm 
gcc.exe -std=gnu99 -Wall -g -Ii:/Dev/rock\libs/headers/ -Irock_tmp -w -lmingw32 -lSDLmain -lSDL -lopengl32 -lglu32 -c rock_tmp\source\hud\Hud.c -o rock_tmp\hud_Hud.o -Ii:/Dev/rock\libs/headers/ -Irock_tmp -D__OOC_USE_GC__ -DGC_NO_THREAD_REDIRECTS -I.libs\source -I.libs\sdk -I.libs\./out -I.libs\. -w -lmingw32 -lSDLmain -lSDL -lopengl32 -lglu32 -lGLEW -lIL -lILU -lILUT -lftgl -lm 
gcc.exe -std=gnu99 -Wall -g -Ii:/Dev/rock\libs/headers/ -Irock_tmp -w -lmingw32 -lSDLmain -lSDL -lopengl32 -lglu32 -c rock_tmp\source\gfx\Cube.c -o rock_tmp\gfx_Cube.o -Ii:/Dev/rock\libs/headers/ -Irock_tmp -D__OOC_USE_GC__ -DGC_NO_THREAD_REDIRECTS -I.libs\source -I.libs\sdk -I.libs\./out -I.libs\. -w -lmingw32 -lSDLmain -lSDL -lopengl32 -lglu32 -lGLEW -lIL -lILU -lILUT -lftgl -lm 
gcc.exe -std=gnu99 -Wall -g -Ii:/Dev/rock\libs/headers/ -Irock_tmp -w -lmingw32 -lSDLmain -lSDL -lopengl32 -lglu32 -c rock_tmp\source\gfx\Quad.c -o rock_tmp\gfx_Quad.o -Ii:/Dev/rock\libs/headers/ -Irock_tmp -D__OOC_USE_GC__ -DGC_NO_THREAD_REDIRECTS -I.libs\source -I.libs\sdk -I.libs\./out -I.libs\. -w -lmingw32 -lSDLmain -lSDL -lopengl32 -lglu32 -lGLEW -lIL -lILU -lILUT -lftgl -lm 
gcc.exe -std=gnu99 -Wall -g -Ii:/Dev/rock\libs/headers/ -Irock_tmp -w -lmingw32 -lSDLmain -lSDL -lopengl32 -lglu32 -c rock_tmp\source\gfx\gl\GLPrimitives.c -o rock_tmp\gfx_gl_GLPrimitives.o -Ii:/Dev/rock\libs/headers/ -Irock_tmp -D__OOC_USE_GC__ -DGC_NO_THREAD_REDIRECTS -I.libs\source -I.libs\sdk -I.libs\./out -I.libs\. -w -lmingw32 -lSDLmain -lSDL -lopengl32 -lglu32 -lGLEW -lIL -lILU -lILUT -lftgl -lm 
gcc.exe -std=gnu99 -Wall -g -Ii:/Dev/rock\libs/headers/ -Irock_tmp -w -lmingw32 -lSDLmain -lSDL -lopengl32 -lglu32 -c rock_tmp\source\gfx\Line.c -o rock_tmp\gfx_Line.o -Ii:/Dev/rock\libs/headers/ -Irock_tmp -D__OOC_USE_GC__ -DGC_NO_THREAD_REDIRECTS -I.libs\source -I.libs\sdk -I.libs\./out -I.libs\. -w -lmingw32 -lSDLmain -lSDL -lopengl32 -lglu32 -lGLEW -lIL -lILU -lILUT -lftgl -lm 
gcc.exe -std=gnu99 -Wall -g -Ii:/Dev/rock\libs/headers/ -Irock_tmp -w -lmingw32 -lSDLmain -lSDL -lopengl32 -lglu32 -c rock_tmp\source\physics\Body.c -o rock_tmp\physics_Body.o -Ii:/Dev/rock\libs/headers/ -Irock_tmp -D__OOC_USE_GC__ -DGC_NO_THREAD_REDIRECTS -I.libs\source -I.libs\sdk -I.libs\./out -I.libs\. -w -lmingw32 -lSDLmain -lSDL -lopengl32 -lglu32 -lGLEW -lIL -lILU -lILUT -lftgl -lm 
gcc.exe -std=gnu99 -Wall -g -Ii:/Dev/rock\libs/headers/ -Irock_tmp -w -lmingw32 -lSDLmain -lSDL -lopengl32 -lglu32 -c rock_tmp\source\physics\Force.c -o rock_tmp\physics_Force.o -Ii:/Dev/rock\libs/headers/ -Irock_tmp -D__OOC_USE_GC__ -DGC_NO_THREAD_REDIRECTS -I.libs\source -I.libs\sdk -I.libs\./out -I.libs\. -w -lmingw32 -lSDLmain -lSDL -lopengl32 -lglu32 -lGLEW -lIL -lILU -lILUT -lftgl -lm 
gcc.exe -std=gnu99 -Wall -g -Ii:/Dev/rock\libs/headers/ -Irock_tmp -w -lmingw32 -lSDLmain -lSDL -lopengl32 -lglu32 -c rock_tmp\source\physics\Geometry.c -o rock_tmp\physics_Geometry.o -Ii:/Dev/rock\libs/headers/ -Irock_tmp -D__OOC_USE_GC__ -DGC_NO_THREAD_REDIRECTS -I.libs\source -I.libs\sdk -I.libs\./out -I.libs\. -w -lmingw32 -lSDLmain -lSDL -lopengl32 -lglu32 -lGLEW -lIL -lILU -lILUT -lftgl -lm 
gcc.exe -std=gnu99 -Wall -g -Ii:/Dev/rock\libs/headers/ -Irock_tmp -w -lmingw32 -lSDLmain -lSDL -lopengl32 -lglu32 -c rock_tmp\source\physics\CollisionHandlerFactory.c -o rock_tmp\physics_CollisionHandlerFactory.o -Ii:/Dev/rock\libs/headers/ -Irock_tmp -D__OOC_USE_GC__ -DGC_NO_THREAD_REDIRECTS -I.libs\source -I.libs\sdk -I.libs\./out -I.libs\. -w -lmingw32 -lSDLmain -lSDL -lopengl32 -lglu32 -lGLEW -lIL -lILU -lILUT -lftgl -lm 
gcc.exe -std=gnu99 -Wall -g -Ii:/Dev/rock\libs/headers/ -Irock_tmp -w -lmingw32 -lSDLmain -lSDL -lopengl32 -lglu32 -c rock_tmp\source\physics\Box.c -o rock_tmp\physics_Box.o -Ii:/Dev/rock\libs/headers/ -Irock_tmp -D__OOC_USE_GC__ -DGC_NO_THREAD_REDIRECTS -I.libs\source -I.libs\sdk -I.libs\./out -I.libs\. -w -lmingw32 -lSDLmain -lSDL -lopengl32 -lglu32 -lGLEW -lIL -lILU -lILUT -lftgl -lm 
gcc.exe -std=gnu99 -Wall -g -Ii:/Dev/rock\libs/headers/ -Irock_tmp -w -lmingw32 -lSDLmain -lSDL -lopengl32 -lglu32 -c rock_tmp\source\physics\Sphere.c -o rock_tmp\physics_Sphere.o -Ii:/Dev/rock\libs/headers/ -Irock_tmp -D__OOC_USE_GC__ -DGC_NO_THREAD_REDIRECTS -I.libs\source -I.libs\sdk -I.libs\./out -I.libs\. -w -lmingw32 -lSDLmain -lSDL -lopengl32 -lglu32 -lGLEW -lIL -lILU -lILUT -lftgl -lm 
gcc.exe -std=gnu99 -Wall -g -Ii:/Dev/rock\libs/headers/ -Irock_tmp -w -lmingw32 -lSDLmain -lSDL -lopengl32 -lglu32 -c rock_tmp\source\physics\sphereSphereCH.c -o rock_tmp\physics_sphereSphereCH.o -Ii:/Dev/rock\libs/headers/ -Irock_tmp -D__OOC_USE_GC__ -DGC_NO_THREAD_REDIRECTS -I.libs\source -I.libs\sdk -I.libs\./out -I.libs\. -w -lmingw32 -lSDLmain -lSDL -lopengl32 -lglu32 -lGLEW -lIL -lILU -lILUT -lftgl -lm 
gcc.exe -std=gnu99 -Wall -g -Ii:/Dev/rock\libs/headers/ -Irock_tmp -w -lmingw32 -lSDLmain -lSDL -lopengl32 -lglu32 -c rock_tmp\source\physics\sphereBoxCH.c -o rock_tmp\physics_sphereBoxCH.o -Ii:/Dev/rock\libs/headers/ -Irock_tmp -D__OOC_USE_GC__ -DGC_NO_THREAD_REDIRECTS -I.libs\source -I.libs\sdk -I.libs\./out -I.libs\. -w -lmingw32 -lSDLmain -lSDL -lopengl32 -lglu32 -lGLEW -lIL -lILU -lILUT -lftgl -lm 
gcc.exe -std=gnu99 -Wall -g -Ii:/Dev/rock\libs/headers/ -Irock_tmp -w -lmingw32 -lSDLmain -lSDL -lopengl32 -lglu32 -c rock_tmp\source\physics\boxBoxCH.c -o rock_tmp\physics_boxBoxCH.o -Ii:/Dev/rock\libs/headers/ -Irock_tmp -D__OOC_USE_GC__ -DGC_NO_THREAD_REDIRECTS -I.libs\source -I.libs\sdk -I.libs\./out -I.libs\. -w -lmingw32 -lSDLmain -lSDL -lopengl32 -lglu32 -lGLEW -lIL -lILU -lILUT -lftgl -lm 
gcc.exe -std=gnu99 -Wall -g -Ii:/Dev/rock\libs/headers/ -Irock_tmp -w -lmingw32 -lSDLmain -lSDL -lopengl32 -lglu32 -c rock_tmp\source\physics\calculateAABB.c -o rock_tmp\physics_calculateAABB.o -Ii:/Dev/rock\libs/headers/ -Irock_tmp -D__OOC_USE_GC__ -DGC_NO_THREAD_REDIRECTS -I.libs\source -I.libs\sdk -I.libs\./out -I.libs\. -w -lmingw32 -lSDLmain -lSDL -lopengl32 -lglu32 -lGLEW -lIL -lILU -lILUT -lftgl -lm 
gcc.exe -std=gnu99 -Wall -g -Ii:/Dev/rock\libs/headers/ -Irock_tmp -w -lmingw32 -lSDLmain -lSDL -lopengl32 -lglu32 -c rock_tmp\source\gameplay\Kart.c -o rock_tmp\gameplay_Kart.o -Ii:/Dev/rock\libs/headers/ -Irock_tmp -D__OOC_USE_GC__ -DGC_NO_THREAD_REDIRECTS -I.libs\source -I.libs\sdk -I.libs\./out -I.libs\. -w -lmingw32 -lSDLmain -lSDL -lopengl32 -lglu32 -lGLEW -lIL -lILU -lILUT -lftgl -lm 
gcc.exe -std=gnu99 -Wall -g -Ii:/Dev/rock\libs/headers/ -Irock_tmp -w -lmingw32 -lSDLmain -lSDL -lopengl32 -lglu32 -c rock_tmp\source\gfx\md5\MD5Loader.c -o rock_tmp\gfx_md5_MD5Loader.o -Ii:/Dev/rock\libs/headers/ -Irock_tmp -D__OOC_USE_GC__ -DGC_NO_THREAD_REDIRECTS -I.libs\source -I.libs\sdk -I.libs\./out -I.libs\. -w -lmingw32 -lSDLmain -lSDL -lopengl32 -lglu32 -lGLEW -lIL -lILU -lILUT -lftgl -lm 
gcc.exe -std=gnu99 -Wall -g -Ii:/Dev/rock\libs/headers/ -Irock_tmp -w -lmingw32 -lSDLmain -lSDL -lopengl32 -lglu32 -c rock_tmp\source\gfx\md5\MD5Model.c -o rock_tmp\gfx_md5_MD5Model.o -Ii:/Dev/rock\libs/headers/ -Irock_tmp -D__OOC_USE_GC__ -DGC_NO_THREAD_REDIRECTS -I.libs\source -I.libs\sdk -I.libs\./out -I.libs\. -w -lmingw32 -lSDLmain -lSDL -lopengl32 -lglu32 -lGLEW -lIL -lILU -lILUT -lftgl -lm 
gcc.exe -std=gnu99 -Wall -g -Ii:/Dev/rock\libs/headers/ -Irock_tmp -w -lmingw32 -lSDLmain -lSDL -lopengl32 -lglu32 -c rock_tmp\source\gfx\r2m\R2MModel.c -o rock_tmp\gfx_r2m_R2MModel.o -Ii:/Dev/rock\libs/headers/ -Irock_tmp -D__OOC_USE_GC__ -DGC_NO_THREAD_REDIRECTS -I.libs\source -I.libs\sdk -I.libs\./out -I.libs\. -w -lmingw32 -lSDLmain -lSDL -lopengl32 -lglu32 -lGLEW -lIL -lILU -lILUT -lftgl -lm 
gcc.exe -std=gnu99 -Wall -g -Ii:/Dev/rock\libs/headers/ -Irock_tmp -w -lmingw32 -lSDLmain -lSDL -lopengl32 -lglu32 -c rock_tmp\source\physics\PhysicsEngine.c -o rock_tmp\physics_PhysicsEngine.o -Ii:/Dev/rock\libs/headers/ -Irock_tmp -D__OOC_USE_GC__ -DGC_NO_THREAD_REDIRECTS -I.libs\source -I.libs\sdk -I.libs\./out -I.libs\. -w -lmingw32 -lSDLmain -lSDL -lopengl32 -lglu32 -lGLEW -lIL -lILU -lILUT -lftgl -lm 
gcc.exe -std=gnu99 -Wall -g -Ii:/Dev/rock\libs/headers/ -Irock_tmp -w -lmingw32 -lSDLmain -lSDL -lopengl32 -lglu32 -c rock_tmp\source\ooc-hackit.c -o rock_tmp\ooc-hackit.o -Ii:/Dev/rock\libs/headers/ -Irock_tmp -D__OOC_USE_GC__ -DGC_NO_THREAD_REDIRECTS -I.libs\source -I.libs\sdk -I.libs\./out -I.libs\. -w -lmingw32 -lSDLmain -lSDL -lopengl32 -lglu32 -lGLEW -lIL -lILU -lILUT -lftgl -lm 
gcc.exe -std=gnu99 -Wall -g -Ii:/Dev/rock\libs/headers/ -Irock_tmp -w -lmingw32 -lSDLmain -lSDL -lopengl32 -lglu32 -c rock_tmp\source\gfx\r2m\R2MLoader.c -o rock_tmp\gfx_r2m_R2MLoader.o -Ii:/Dev/rock\libs/headers/ -Irock_tmp -D__OOC_USE_GC__ -DGC_NO_THREAD_REDIRECTS -I.libs\source -I.libs\sdk -I.libs\./out -I.libs\. -w -lmingw32 -lSDLmain -lSDL -lopengl32 -lglu32 -lGLEW -lIL -lILU -lILUT -lftgl -lm 
gcc.exe -std=gnu99 -Wall -g -Ii:/Dev/rock\libs/headers/ -Irock_tmp -w -lmingw32 -lSDLmain -lSDL -lopengl32 -lglu32 -c rock_tmp\source\hud\ConvertCoords.c -o rock_tmp\hud_ConvertCoords.o -Ii:/Dev/rock\libs/headers/ -Irock_tmp -D__OOC_USE_GC__ -DGC_NO_THREAD_REDIRECTS -I.libs\source -I.libs\sdk -I.libs\./out -I.libs\. -w -lmingw32 -lSDLmain -lSDL -lopengl32 -lglu32 -lGLEW -lIL -lILU -lILUT -lftgl -lm 
gcc.exe -std=gnu99 -Wall -g -Ii:/Dev/rock\libs/headers/ -Irock_tmp -w -lmingw32 -lSDLmain -lSDL -lopengl32 -lglu32 -c rock_tmp\source\hud\SpeedoMeter.c -o rock_tmp\hud_SpeedoMeter.o -Ii:/Dev/rock\libs/headers/ -Irock_tmp -D__OOC_USE_GC__ -DGC_NO_THREAD_REDIRECTS -I.libs\source -I.libs\sdk -I.libs\./out -I.libs\. -w -lmingw32 -lSDLmain -lSDL -lopengl32 -lglu32 -lGLEW -lIL -lILU -lILUT -lftgl -lm 
sdk, Compiling all modules...
gcc.exe -std=gnu99 -Wall -g -Ii:/Dev/rock\libs/headers/ -Irock_tmp -w -lmingw32 -lSDLmain -lSDL -lopengl32 -lglu32 -c rock_tmp\sdk\lang\IO.c -o rock_tmp\lang_IO.o -Ii:/Dev/rock\libs/headers/ -Irock_tmp -D__OOC_USE_GC__ -DGC_NO_THREAD_REDIRECTS -I.libs\source -I.libs\sdk -I.libs\./out -I.libs\. -w -lmingw32 -lSDLmain -lSDL -lopengl32 -lglu32 -lm 
gcc.exe -std=gnu99 -Wall -g -Ii:/Dev/rock\libs/headers/ -Irock_tmp -w -lmingw32 -lSDLmain -lSDL -lopengl32 -lglu32 -c rock_tmp\sdk\lang\Numbers.c -o rock_tmp\lang_Numbers.o -Ii:/Dev/rock\libs/headers/ -Irock_tmp -D__OOC_USE_GC__ -DGC_NO_THREAD_REDIRECTS -I.libs\source -I.libs\sdk -I.libs\./out -I.libs\. -w -lmingw32 -lSDLmain -lSDL -lopengl32 -lglu32 -lm 
gcc.exe -std=gnu99 -Wall -g -Ii:/Dev/rock\libs/headers/ -Irock_tmp -w -lmingw32 -lSDLmain -lSDL -lopengl32 -lglu32 -c rock_tmp\sdk\lang\System.c -o rock_tmp\lang_System.o -Ii:/Dev/rock\libs/headers/ -Irock_tmp -D__OOC_USE_GC__ -DGC_NO_THREAD_REDIRECTS -I.libs\source -I.libs\sdk -I.libs\./out -I.libs\. -w -lmingw32 -lSDLmain -lSDL -lopengl32 -lglu32 -lm 
gcc.exe -std=gnu99 -Wall -g -Ii:/Dev/rock\libs/headers/ -Irock_tmp -w -lmingw32 -lSDLmain -lSDL -lopengl32 -lglu32 -c rock_tmp\sdk\lang\types.c -o rock_tmp\lang_types.o -Ii:/Dev/rock\libs/headers/ -Irock_tmp -D__OOC_USE_GC__ -DGC_NO_THREAD_REDIRECTS -I.libs\source -I.libs\sdk -I.libs\./out -I.libs\. -w -lmingw32 -lSDLmain -lSDL -lopengl32 -lglu32 -lm 
gcc.exe -std=gnu99 -Wall -g -Ii:/Dev/rock\libs/headers/ -Irock_tmp -w -lmingw32 -lSDLmain -lSDL -lopengl32 -lglu32 -c rock_tmp\sdk\lang\Memory.c -o rock_tmp\lang_Memory.o -Ii:/Dev/rock\libs/headers/ -Irock_tmp -D__OOC_USE_GC__ -DGC_NO_THREAD_REDIRECTS -I.libs\source -I.libs\sdk -I.libs\./out -I.libs\. -w -lmingw32 -lSDLmain -lSDL -lopengl32 -lglu32 -lm 
gcc.exe -std=gnu99 -Wall -g -Ii:/Dev/rock\libs/headers/ -Irock_tmp -w -lmingw32 -lSDLmain -lSDL -lopengl32 -lglu32 -c rock_tmp\sdk\lang\Buffer.c -o rock_tmp\lang_Buffer.o -Ii:/Dev/rock\libs/headers/ -Irock_tmp -D__OOC_USE_GC__ -DGC_NO_THREAD_REDIRECTS -I.libs\source -I.libs\sdk -I.libs\./out -I.libs\. -w -lmingw32 -lSDLmain -lSDL -lopengl32 -lglu32 -lm 
gcc.exe -std=gnu99 -Wall -g -Ii:/Dev/rock\libs/headers/ -Irock_tmp -w -lmingw32 -lSDLmain -lSDL -lopengl32 -lglu32 -c rock_tmp\sdk\lang\Exception.c -o rock_tmp\lang_Exception.o -Ii:/Dev/rock\libs/headers/ -Irock_tmp -D__OOC_USE_GC__ -DGC_NO_THREAD_REDIRECTS -I.libs\source -I.libs\sdk -I.libs\./out -I.libs\. -w -lmingw32 -lSDLmain -lSDL -lopengl32 -lglu32 -lm 
gcc.exe -std=gnu99 -Wall -g -Ii:/Dev/rock\libs/headers/ -Irock_tmp -w -lmingw32 -lSDLmain -lSDL -lopengl32 -lglu32 -c rock_tmp\sdk\lang\Character.c -o rock_tmp\lang_Character.o -Ii:/Dev/rock\libs/headers/ -Irock_tmp -D__OOC_USE_GC__ -DGC_NO_THREAD_REDIRECTS -I.libs\source -I.libs\sdk -I.libs\./out -I.libs\. -w -lmingw32 -lSDLmain -lSDL -lopengl32 -lglu32 -lm 
gcc.exe -std=gnu99 -Wall -g -Ii:/Dev/rock\libs/headers/ -Irock_tmp -w -lmingw32 -lSDLmain -lSDL -lopengl32 -lglu32 -c rock_tmp\sdk\lang\String.c -o rock_tmp\lang_String.o -Ii:/Dev/rock\libs/headers/ -Irock_tmp -D__OOC_USE_GC__ -DGC_NO_THREAD_REDIRECTS -I.libs\source -I.libs\sdk -I.libs\./out -I.libs\. -w -lmingw32 -lSDLmain -lSDL -lopengl32 -lglu32 -lm 
gcc.exe -std=gnu99 -Wall -g -Ii:/Dev/rock\libs/headers/ -Irock_tmp -w -lmingw32 -lSDLmain -lSDL -lopengl32 -lglu32 -c rock_tmp\sdk\lang\VarArgs.c -o rock_tmp\lang_VarArgs.o -Ii:/Dev/rock\libs/headers/ -Irock_tmp -D__OOC_USE_GC__ -DGC_NO_THREAD_REDIRECTS -I.libs\source -I.libs\sdk -I.libs\./out -I.libs\. -w -lmingw32 -lSDLmain -lSDL -lopengl32 -lglu32 -lm 
gcc.exe -std=gnu99 -Wall -g -Ii:/Dev/rock\libs/headers/ -Irock_tmp -w -lmingw32 -lSDLmain -lSDL -lopengl32 -lglu32 -c rock_tmp\sdk\lang\BufferIterator.c -o rock_tmp\lang_BufferIterator.o -Ii:/Dev/rock\libs/headers/ -Irock_tmp -D__OOC_USE_GC__ -DGC_NO_THREAD_REDIRECTS -I.libs\source -I.libs\sdk -I.libs\./out -I.libs\. -w -lmingw32 -lSDLmain -lSDL -lopengl32 -lglu32 -lm 
gcc.exe -std=gnu99 -Wall -g -Ii:/Dev/rock\libs/headers/ -Irock_tmp -w -lmingw32 -lSDLmain -lSDL -lopengl32 -lglu32 -c rock_tmp\sdk\lang\Iterators.c -o rock_tmp\lang_Iterators.o -Ii:/Dev/rock\libs/headers/ -Irock_tmp -D__OOC_USE_GC__ -DGC_NO_THREAD_REDIRECTS -I.libs\source -I.libs\sdk -I.libs\./out -I.libs\. -w -lmingw32 -lSDLmain -lSDL -lopengl32 -lglu32 -lm 
gcc.exe -std=gnu99 -Wall -g -Ii:/Dev/rock\libs/headers/ -Irock_tmp -w -lmingw32 -lSDLmain -lSDL -lopengl32 -lglu32 -c rock_tmp\sdk\structs\List.c -o rock_tmp\structs_List.o -Ii:/Dev/rock\libs/headers/ -Irock_tmp -D__OOC_USE_GC__ -DGC_NO_THREAD_REDIRECTS -I.libs\source -I.libs\sdk -I.libs\./out -I.libs\. -w -lmingw32 -lSDLmain -lSDL -lopengl32 -lglu32 -lm 
gcc.exe -std=gnu99 -Wall -g -Ii:/Dev/rock\libs/headers/ -Irock_tmp -w -lmingw32 -lSDLmain -lSDL -lopengl32 -lglu32 -c rock_tmp\sdk\math\Random.c -o rock_tmp\math_Random.o -Ii:/Dev/rock\libs/headers/ -Irock_tmp -D__OOC_USE_GC__ -DGC_NO_THREAD_REDIRECTS -I.libs\source -I.libs\sdk -I.libs\./out -I.libs\. -w -lmingw32 -lSDLmain -lSDL -lopengl32 -lglu32 -lm 
gcc.exe -std=gnu99 -Wall -g -Ii:/Dev/rock\libs/headers/ -Irock_tmp -w -lmingw32 -lSDLmain -lSDL -lopengl32 -lglu32 -c rock_tmp\sdk\os\Time.c -o rock_tmp\os_Time.o -Ii:/Dev/rock\libs/headers/ -Irock_tmp -D__OOC_USE_GC__ -DGC_NO_THREAD_REDIRECTS -I.libs\source -I.libs\sdk -I.libs\./out -I.libs\. -w -lmingw32 -lSDLmain -lSDL -lopengl32 -lglu32 -lm 
gcc.exe -std=gnu99 -Wall -g -Ii:/Dev/rock\libs/headers/ -Irock_tmp -w -lmingw32 -lSDLmain -lSDL -lopengl32 -lglu32 -c rock_tmp\sdk\native\win32\types.c -o rock_tmp\native_win32_types.o -Ii:/Dev/rock\libs/headers/ -Irock_tmp -D__OOC_USE_GC__ -DGC_NO_THREAD_REDIRECTS -I.libs\source -I.libs\sdk -I.libs\./out -I.libs\. -w -lmingw32 -lSDLmain -lSDL -lopengl32 -lglu32 -lm 
gcc.exe -std=gnu99 -Wall -g -Ii:/Dev/rock\libs/headers/ -Irock_tmp -w -lmingw32 -lSDLmain -lSDL -lopengl32 -lglu32 -c rock_tmp\sdk\structs\ArrayList.c -o rock_tmp\structs_ArrayList.o -Ii:/Dev/rock\libs/headers/ -Irock_tmp -D__OOC_USE_GC__ -DGC_NO_THREAD_REDIRECTS -I.libs\source -I.libs\sdk -I.libs\./out -I.libs\. -w -lmingw32 -lSDLmain -lSDL -lopengl32 -lglu32 -lm 
gcc.exe -std=gnu99 -Wall -g -Ii:/Dev/rock\libs/headers/ -Irock_tmp -w -lmingw32 -lSDLmain -lSDL -lopengl32 -lglu32 -c rock_tmp\sdk\structs\HashMap.c -o rock_tmp\structs_HashMap.o -Ii:/Dev/rock\libs/headers/ -Irock_tmp -D__OOC_USE_GC__ -DGC_NO_THREAD_REDIRECTS -I.libs\source -I.libs\sdk -I.libs\./out -I.libs\. -w -lmingw32 -lSDLmain -lSDL -lopengl32 -lglu32 -lm 
gcc.exe -std=gnu99 -Wall -g -Ii:/Dev/rock\libs/headers/ -Irock_tmp -w -lmingw32 -lSDLmain -lSDL -lopengl32 -lglu32 -c rock_tmp\sdk\threading\Thread.c -o rock_tmp\threading_Thread.o -Ii:/Dev/rock\libs/headers/ -Irock_tmp -D__OOC_USE_GC__ -DGC_NO_THREAD_REDIRECTS -I.libs\source -I.libs\sdk -I.libs\./out -I.libs\. -w -lmingw32 -lSDLmain -lSDL -lopengl32 -lglu32 -lm 
gcc.exe -std=gnu99 -Wall -g -Ii:/Dev/rock\libs/headers/ -Irock_tmp -w -lmingw32 -lSDLmain -lSDL -lopengl32 -lglu32 -c rock_tmp\sdk\threading\native\ThreadUnix.c -o rock_tmp\threading_native_ThreadUnix.o -Ii:/Dev/rock\libs/headers/ -Irock_tmp -D__OOC_USE_GC__ -DGC_NO_THREAD_REDIRECTS -I.libs\source -I.libs\sdk -I.libs\./out -I.libs\. -w -lmingw32 -lSDLmain -lSDL -lopengl32 -lglu32 -lm 
gcc.exe -std=gnu99 -Wall -g -Ii:/Dev/rock\libs/headers/ -Irock_tmp -w -lmingw32 -lSDLmain -lSDL -lopengl32 -lglu32 -c rock_tmp\sdk\threading\native\ThreadWin32.c -o rock_tmp\threading_native_ThreadWin32.o -Ii:/Dev/rock\libs/headers/ -Irock_tmp -D__OOC_USE_GC__ -DGC_NO_THREAD_REDIRECTS -I.libs\source -I.libs\sdk -I.libs\./out -I.libs\. -w -lmingw32 -lSDLmain -lSDL -lopengl32 -lglu32 -lm 
gcc.exe -std=gnu99 -Wall -g -Ii:/Dev/rock\libs/headers/ -Irock_tmp -w -lmingw32 -lSDLmain -lSDL -lopengl32 -lglu32 -c rock_tmp\sdk\native\win32\errors.c -o rock_tmp\native_win32_errors.o -Ii:/Dev/rock\libs/headers/ -Irock_tmp -D__OOC_USE_GC__ -DGC_NO_THREAD_REDIRECTS -I.libs\source -I.libs\sdk -I.libs\./out -I.libs\. -w -lmingw32 -lSDLmain -lSDL -lopengl32 -lglu32 -lm 
gcc.exe -std=gnu99 -Wall -g -Ii:/Dev/rock\libs/headers/ -Irock_tmp -w -lmingw32 -lSDLmain -lSDL -lopengl32 -lglu32 -c rock_tmp\sdk\threading\native\MutexUnix.c -o rock_tmp\threading_native_MutexUnix.o -Ii:/Dev/rock\libs/headers/ -Irock_tmp -D__OOC_USE_GC__ -DGC_NO_THREAD_REDIRECTS -I.libs\source -I.libs\sdk -I.libs\./out -I.libs\. -w -lmingw32 -lSDLmain -lSDL -lopengl32 -lglu32 -lm 
gcc.exe -std=gnu99 -Wall -g -Ii:/Dev/rock\libs/headers/ -Irock_tmp -w -lmingw32 -lSDLmain -lSDL -lopengl32 -lglu32 -c rock_tmp\sdk\threading\native\MutexWin32.c -o rock_tmp\threading_native_MutexWin32.o -Ii:/Dev/rock\libs/headers/ -Irock_tmp -D__OOC_USE_GC__ -DGC_NO_THREAD_REDIRECTS -I.libs\source -I.libs\sdk -I.libs\./out -I.libs\. -w -lmingw32 -lSDLmain -lSDL -lopengl32 -lglu32 -lm 
gcc.exe -std=gnu99 -Wall -g -Ii:/Dev/rock\libs/headers/ -Irock_tmp -w -lmingw32 -lSDLmain -lSDL -lopengl32 -lglu32 -c rock_tmp\sdk\threading\native\ThreadLocalUnix.c -o rock_tmp\threading_native_ThreadLocalUnix.o -Ii:/Dev/rock\libs/headers/ -Irock_tmp -D__OOC_USE_GC__ -DGC_NO_THREAD_REDIRECTS -I.libs\source -I.libs\sdk -I.libs\./out -I.libs\. -w -lmingw32 -lSDLmain -lSDL -lopengl32 -lglu32 -lm 
gcc.exe -std=gnu99 -Wall -g -Ii:/Dev/rock\libs/headers/ -Irock_tmp -w -lmingw32 -lSDLmain -lSDL -lopengl32 -lglu32 -c rock_tmp\sdk\threading\native\ThreadLocalWin32.c -o rock_tmp\threading_native_ThreadLocalWin32.o -Ii:/Dev/rock\libs/headers/ -Irock_tmp -D__OOC_USE_GC__ -DGC_NO_THREAD_REDIRECTS -I.libs\source -I.libs\sdk -I.libs\./out -I.libs\. -w -lmingw32 -lSDLmain -lSDL -lopengl32 -lglu32 -lm 
gcc.exe -std=gnu99 -Wall -g -Ii:/Dev/rock\libs/headers/ -Irock_tmp -w -lmingw32 -lSDLmain -lSDL -lopengl32 -lglu32 -c rock_tmp\sdk\structs\Stack.c -o rock_tmp\structs_Stack.o -Ii:/Dev/rock\libs/headers/ -Irock_tmp -D__OOC_USE_GC__ -DGC_NO_THREAD_REDIRECTS -I.libs\source -I.libs\sdk -I.libs\./out -I.libs\. -w -lmingw32 -lSDLmain -lSDL -lopengl32 -lglu32 -lm 
gcc.exe -std=gnu99 -Wall -g -Ii:/Dev/rock\libs/headers/ -Irock_tmp -w -lmingw32 -lSDLmain -lSDL -lopengl32 -lglu32 -c rock_tmp\sdk\structs\LinkedList.c -o rock_tmp\structs_LinkedList.o -Ii:/Dev/rock\libs/headers/ -Irock_tmp -D__OOC_USE_GC__ -DGC_NO_THREAD_REDIRECTS -I.libs\source -I.libs\sdk -I.libs\./out -I.libs\. -w -lmingw32 -lSDLmain -lSDL -lopengl32 -lglu32 -lm 
gcc.exe -std=gnu99 -Wall -g -Ii:/Dev/rock\libs/headers/ -Irock_tmp -w -lmingw32 -lSDLmain -lSDL -lopengl32 -lglu32 -c rock_tmp\sdk\os\Terminal.c -o rock_tmp\os_Terminal.o -Ii:/Dev/rock\libs/headers/ -Irock_tmp -D__OOC_USE_GC__ -DGC_NO_THREAD_REDIRECTS -I.libs\source -I.libs\sdk -I.libs\./out -I.libs\. -w -lmingw32 -lSDLmain -lSDL -lopengl32 -lglu32 -lm 
gcc.exe -std=gnu99 -Wall -g -Ii:/Dev/rock\libs/headers/ -Irock_tmp -w -lmingw32 -lSDLmain -lSDL -lopengl32 -lglu32 -c rock_tmp\sdk\os\unistd.c -o rock_tmp\os_unistd.o -Ii:/Dev/rock\libs/headers/ -Irock_tmp -D__OOC_USE_GC__ -DGC_NO_THREAD_REDIRECTS -I.libs\source -I.libs\sdk -I.libs\./out -I.libs\. -w -lmingw32 -lSDLmain -lSDL -lopengl32 -lglu32 -lm 
gcc.exe -std=gnu99 -Wall -g -Ii:/Dev/rock\libs/headers/ -Irock_tmp -w -lmingw32 -lSDLmain -lSDL -lopengl32 -lglu32 -c rock_tmp\sdk\math.c -o rock_tmp\math.o -Ii:/Dev/rock\libs/headers/ -Irock_tmp -D__OOC_USE_GC__ -DGC_NO_THREAD_REDIRECTS -I.libs\source -I.libs\sdk -I.libs\./out -I.libs\. -w -lmingw32 -lSDLmain -lSDL -lopengl32 -lglu32 -lm 
gcc.exe -std=gnu99 -Wall -g -Ii:/Dev/rock\libs/headers/ -Irock_tmp -w -lmingw32 -lSDLmain -lSDL -lopengl32 -lglu32 -c rock_tmp\sdk\text\StringTokenizer.c -o rock_tmp\text_StringTokenizer.o -Ii:/Dev/rock\libs/headers/ -Irock_tmp -D__OOC_USE_GC__ -DGC_NO_THREAD_REDIRECTS -I.libs\source -I.libs\sdk -I.libs\./out -I.libs\. -w -lmingw32 -lSDLmain -lSDL -lopengl32 -lglu32 -lm 
gcc.exe -std=gnu99 -Wall -g -Ii:/Dev/rock\libs/headers/ -Irock_tmp -w -lmingw32 -lSDLmain -lSDL -lopengl32 -lglu32 -c rock_tmp\sdk\io\File.c -o rock_tmp\io_File.o -Ii:/Dev/rock\libs/headers/ -Irock_tmp -D__OOC_USE_GC__ -DGC_NO_THREAD_REDIRECTS -I.libs\source -I.libs\sdk -I.libs\./out -I.libs\. -w -lmingw32 -lSDLmain -lSDL -lopengl32 -lglu32 -lm 
gcc.exe -std=gnu99 -Wall -g -Ii:/Dev/rock\libs/headers/ -Irock_tmp -w -lmingw32 -lSDLmain -lSDL -lopengl32 -lglu32 -c rock_tmp\sdk\io\FileReader.c -o rock_tmp\io_FileReader.o -Ii:/Dev/rock\libs/headers/ -Irock_tmp -D__OOC_USE_GC__ -DGC_NO_THREAD_REDIRECTS -I.libs\source -I.libs\sdk -I.libs\./out -I.libs\. -w -lmingw32 -lSDLmain -lSDL -lopengl32 -lglu32 -lm 
gcc.exe -std=gnu99 -Wall -g -Ii:/Dev/rock\libs/headers/ -Irock_tmp -w -lmingw32 -lSDLmain -lSDL -lopengl32 -lglu32 -c rock_tmp\sdk\io\Reader.c -o rock_tmp\io_Reader.o -Ii:/Dev/rock\libs/headers/ -Irock_tmp -D__OOC_USE_GC__ -DGC_NO_THREAD_REDIRECTS -I.libs\source -I.libs\sdk -I.libs\./out -I.libs\. -w -lmingw32 -lSDLmain -lSDL -lopengl32 -lglu32 -lm 
gcc.exe -std=gnu99 -Wall -g -Ii:/Dev/rock\libs/headers/ -Irock_tmp -w -lmingw32 -lSDLmain -lSDL -lopengl32 -lglu32 -c rock_tmp\sdk\io\FileWriter.c -o rock_tmp\io_FileWriter.o -Ii:/Dev/rock\libs/headers/ -Irock_tmp -D__OOC_USE_GC__ -DGC_NO_THREAD_REDIRECTS -I.libs\source -I.libs\sdk -I.libs\./out -I.libs\. -w -lmingw32 -lSDLmain -lSDL -lopengl32 -lglu32 -lm 
gcc.exe -std=gnu99 -Wall -g -Ii:/Dev/rock\libs/headers/ -Irock_tmp -w -lmingw32 -lSDLmain -lSDL -lopengl32 -lglu32 -c rock_tmp\sdk\io\Writer.c -o rock_tmp\io_Writer.o -Ii:/Dev/rock\libs/headers/ -Irock_tmp -D__OOC_USE_GC__ -DGC_NO_THREAD_REDIRECTS -I.libs\source -I.libs\sdk -I.libs\./out -I.libs\. -w -lmingw32 -lSDLmain -lSDL -lopengl32 -lglu32 -lm 
gcc.exe -std=gnu99 -Wall -g -Ii:/Dev/rock\libs/headers/ -Irock_tmp -w -lmingw32 -lSDLmain -lSDL -lopengl32 -lglu32 -c rock_tmp\sdk\io\BufferWriter.c -o rock_tmp\io_BufferWriter.o -Ii:/Dev/rock\libs/headers/ -Irock_tmp -D__OOC_USE_GC__ -DGC_NO_THREAD_REDIRECTS -I.libs\source -I.libs\sdk -I.libs\./out -I.libs\. -w -lmingw32 -lSDLmain -lSDL -lopengl32 -lglu32 -lm 
gcc.exe -std=gnu99 -Wall -g -Ii:/Dev/rock\libs/headers/ -Irock_tmp -w -lmingw32 -lSDLmain -lSDL -lopengl32 -lglu32 -c rock_tmp\sdk\io\BufferReader.c -o rock_tmp\io_BufferReader.o -Ii:/Dev/rock\libs/headers/ -Irock_tmp -D__OOC_USE_GC__ -DGC_NO_THREAD_REDIRECTS -I.libs\source -I.libs\sdk -I.libs\./out -I.libs\. -w -lmingw32 -lSDLmain -lSDL -lopengl32 -lglu32 -lm 
gcc.exe -std=gnu99 -Wall -g -Ii:/Dev/rock\libs/headers/ -Irock_tmp -w -lmingw32 -lSDLmain -lSDL -lopengl32 -lglu32 -c rock_tmp\sdk\io\native\FileWin32.c -o rock_tmp\io_native_FileWin32.o -Ii:/Dev/rock\libs/headers/ -Irock_tmp -D__OOC_USE_GC__ -DGC_NO_THREAD_REDIRECTS -I.libs\source -I.libs\sdk -I.libs\./out -I.libs\. -w -lmingw32 -lSDLmain -lSDL -lopengl32 -lglu32 -lm 
gcc.exe -std=gnu99 -Wall -g -Ii:/Dev/rock\libs/headers/ -Irock_tmp -w -lmingw32 -lSDLmain -lSDL -lopengl32 -lglu32 -c rock_tmp\sdk\io\native\FileUnix.c -o rock_tmp\io_native_FileUnix.o -Ii:/Dev/rock\libs/headers/ -Irock_tmp -D__OOC_USE_GC__ -DGC_NO_THREAD_REDIRECTS -I.libs\source -I.libs\sdk -I.libs\./out -I.libs\. -w -lmingw32 -lSDLmain -lSDL -lopengl32 -lglu32 -lm 
./out, Compiling all modules...
gcc.exe -std=gnu99 -Wall -g -Ii:/Dev/rock\libs/headers/ -Irock_tmp -w -lmingw32 -lSDLmain -lSDL -lopengl32 -lglu32 -c rock_tmp\./out\glew.c -o rock_tmp\glew.o -Ii:/Dev/rock\libs/headers/ -Irock_tmp -D__OOC_USE_GC__ -DGC_NO_THREAD_REDIRECTS -I.libs\source -I.libs\sdk -I.libs\./out -I.libs\. -w -lmingw32 -lSDLmain -lSDL -lopengl32 -lglu32 
., rock_tmp\engine_Engine.o: In function `engine_Engine__Engine_run_impl':
i:\Dev\r2l/source/engine/Engine.ooc:74: undefined reference to `SDL_GetTicks'
rock_tmp\gfx_Scene.o: In function `gfx_Scene__Scene_render_impl':
i:\Dev\r2l/source/gfx/Scene.ooc:51: undefined reference to `SDL_GetTicks'
i:\Dev\r2l/source/gfx/Scene.ooc:52: undefined reference to `glClearColor@16'
i:\Dev\r2l/source/gfx/Scene.ooc:53: undefined reference to `glClear@4'
i:\Dev\r2l/source/gfx/Scene.ooc:61: undefined reference to `glMatrixMode@4'
i:\Dev\r2l/source/gfx/Scene.ooc:62: undefined reference to `glLoadIdentity@0'
i:\Dev\r2l/source/gfx/Scene.ooc:78: undefined reference to `_imp____glewUseProgram'
i:\Dev\r2l/source/gfx/Scene.ooc:81: undefined reference to `glFlush@0'
i:\Dev\r2l/source/gfx/Scene.ooc:82: undefined reference to `SDL_GL_SwapBuffers'
i:\Dev\r2l/source/gfx/Scene.ooc:84: undefined reference to `SDL_GetTicks'
rock_tmp\gfx_Scene.o: In function `gfx_Scene__Scene_useProgram_impl':
i:\Dev\r2l/source/gfx/Scene.ooc:114: undefined reference to `_imp____glewUseProgram'
i:\Dev\r2l/source/gfx/Scene.ooc:116: undefined reference to `_imp____glewUniform1f'
rock_tmp\gfx_Scene.o: In function `gfx_Scene__Scene_addShader_impl':
i:\Dev\r2l/source/gfx/Scene.ooc:134: undefined reference to `_imp____glewCreateShader'
i:\Dev\r2l/source/gfx/Scene.ooc:141: undefined reference to `_imp____glewDeleteShader'
i:\Dev\r2l/source/gfx/Scene.ooc:148: undefined reference to `_imp____glewDeleteShader'
i:\Dev\r2l/source/gfx/Scene.ooc:152: undefined reference to `_imp____glewShaderSource'
i:\Dev\r2l/source/gfx/Scene.ooc:153: undefined reference to `_imp____glewCompileShader'
i:\Dev\r2l/source/gfx/Scene.ooc:155: undefined reference to `_imp____glewGetShaderiv'
i:\Dev\r2l/source/gfx/Scene.ooc:157: undefined reference to `_imp____glewGetShaderiv'
i:\Dev\r2l/source/gfx/Scene.ooc:160: undefined reference to `_imp____glewGetShaderInfoLog'
i:\Dev\r2l/source/gfx/Scene.ooc:167: undefined reference to `_imp____glewDeleteShader'
rock_tmp\gfx_Scene.o: In function `gfx_Scene__Scene_delShader_impl':
i:\Dev\r2l/source/gfx/Scene.ooc:194: undefined reference to `_imp____glewDeleteShader'
rock_tmp\gfx_Scene.o: In function `gfx_Scene__Scene_createProgram_vertex_impl':
i:\Dev\r2l/source/gfx/Scene.ooc:221: undefined reference to `_imp____glewCreateProgram'
i:\Dev\r2l/source/gfx/Scene.ooc:224: undefined reference to `_imp____glewAttachShader'
i:\Dev\r2l/source/gfx/Scene.ooc:227: undefined reference to `_imp____glewAttachShader'
i:\Dev\r2l/source/gfx/Scene.ooc:230: undefined reference to `_imp____glewLinkProgram'
i:\Dev\r2l/source/gfx/Scene.ooc:232: undefined reference to `_imp____glewGetProgramiv'
i:\Dev\r2l/source/gfx/Scene.ooc:234: undefined reference to `_imp____glewGetProgramiv'
i:\Dev\r2l/source/gfx/Scene.ooc:236: undefined reference to `_imp____glewGetProgramInfoLog'
i:\Dev\r2l/source/gfx/Scene.ooc:240: undefined reference to `_imp____glewDeleteProgram'
i:\Dev\r2l/source/gfx/Scene.ooc:241: undefined reference to `_imp____glewDeleteShader'
i:\Dev\r2l/source/gfx/Scene.ooc:242: undefined reference to `_imp____glewDeleteShader'
rock_tmp\gfx_Model.o: In function `gfx_Model__Model_setProgram_impl':
i:\Dev\r2l/source/gfx/Model.ooc:30: undefined reference to `_imp____glewGetUniformLocation'
rock_tmp\gfx_Model.o: In function `gfx_Model__Model__render_impl':
i:\Dev\r2l/source/gfx/Model.ooc:42: undefined reference to `_imp____glewUseProgram'
i:\Dev\r2l/source/gfx/Model.ooc:43: undefined reference to `_imp____glewUniform1f'
i:\Dev\r2l/source/gfx/Model.ooc:46: undefined reference to `glDepthMask@4'
i:\Dev\r2l/source/gfx/Model.ooc:47: undefined reference to `glPolygonMode@8'
i:\Dev\r2l/source/gfx/Model.ooc:49: undefined reference to `glPushMatrix@0'
i:\Dev\r2l/source/gfx/Model.ooc:50: undefined reference to `glTranslated@24'
i:\Dev\r2l/source/gfx/Model.ooc:51: undefined reference to `glRotated@32'
i:\Dev\r2l/source/gfx/Model.ooc:53: undefined reference to `glPopMatrix@0'
i:\Dev\r2l/source/gfx/Model.ooc:55: undefined reference to `glPolygonMode@8'
i:\Dev\r2l/source/gfx/Model.ooc:56: undefined reference to `glDepthMask@4'
i:\Dev\r2l/source/gfx/Model.ooc:58: undefined reference to `_imp____glewUseProgram'
rock_tmp\gfx_ShaderProgram.o: In function `gfx_ShaderProgram__ShaderProgram_init':
i:\Dev\r2l/source/gfx/ShaderProgram.ooc:9: undefined reference to `_imp____glewGetUniformLocation'
rock_tmp\gfx_ShaderProgram.o: In function `gfx_ShaderProgram__ShaderProgram_del_impl':
i:\Dev\r2l/source/gfx/ShaderProgram.ooc:13: undefined reference to `_imp____glewDeleteProgram'
rock_tmp\gfx_Texture.o: In function `gfx_Texture__Texture_init':
i:\Dev\r2l/source/gfx/Texture.ooc:13: undefined reference to `ilutGLLoadImage'
rock_tmp\gfx_Texture.o: In function `gfx_Texture__Texture_enable_impl':
i:\Dev\r2l/source/gfx/Texture.ooc:17: undefined reference to `glEnable@4'
i:\Dev\r2l/source/gfx/Texture.ooc:18: undefined reference to `glBindTexture@8'
rock_tmp\gfx_Texture.o: In function `gfx_Texture__Texture_disable_impl':
i:\Dev\r2l/source/gfx/Texture.ooc:22: undefined reference to `glDisable@4'
rock_tmp\console_Console.o: In function `console_Console__Console_block_impl':
i:\Dev\r2l/source/console/Console.ooc:125: undefined reference to `SDL_ShowCursor'
rock_tmp\console_Console.o: In function `console_Console__Console_unblock_impl':
i:\Dev\r2l/source/console/Console.ooc:131: undefined reference to `SDL_ShowCursor'
rock_tmp\console_Console.o: In function `console_Console__Console_drawText_impl':
i:\Dev\r2l/source/console/Console.ooc:405: undefined reference to `glPushMatrix@0'
i:\Dev\r2l/source/console/Console.ooc:406: undefined reference to `glTranslated@24'
i:\Dev\r2l/source/console/Console.ooc:408: undefined reference to `glPopMatrix@0'
rock_tmp\console_Console.o: In function `console_Console__Console_bufferDraw_impl':
i:\Dev\r2l/source/console/Console.ooc:414: undefined reference to `glPushMatrix@0'
i:\Dev\r2l/source/console/Console.ooc:415: undefined reference to `glColor3ub@12'
i:\Dev\r2l/source/console/Console.ooc:416: undefined reference to `glTranslated@24'
i:\Dev\r2l/source/console/Console.ooc:423: undefined reference to `glTranslated@24'
i:\Dev\r2l/source/console/Console.ooc:433: undefined reference to `glTranslated@24'
i:\Dev\r2l/source/console/Console.ooc:443: undefined reference to `glTranslated@24'
i:\Dev\r2l/source/console/Console.ooc:447: undefined reference to `glPopMatrix@0'
rock_tmp\console_Console.o: In function `console_Console__Console_handleKey':
i:\Dev\r2l/source/console/Console.ooc:136: undefined reference to `SDL_GetModState'
rock_tmp\ftgl.o: In function `ftgl__Ftgl_render_impl':
i:/Dev/ooc-ftgl/source/ftgl.ooc:28: undefined reference to `glPushMatrix@0'
i:/Dev/ooc-ftgl/source/ftgl.ooc:29: undefined reference to `glTranslated@24'
i:/Dev/ooc-ftgl/source/ftgl.ooc:30: undefined reference to `glScaled@24'
i:/Dev/ooc-ftgl/source/ftgl.ooc:32: undefined reference to `glRotated@32'
i:/Dev/ooc-ftgl/source/ftgl.ooc:35: undefined reference to `glPopMatrix@0'
rock_tmp\engine_EventMapper.o: In function `engine_EventMapper__EventMapper_update_impl':
i:\Dev\r2l/source/engine/EventMapper.ooc:44: undefined reference to `SDL_PollEvent'
rock_tmp\gfx_RenderWindow.o: In function `gfx_RenderWindow__RenderWindow_init_renderWindow':
i:\Dev\r2l/source/gfx/RenderWindow.ooc:29: undefined reference to `SDL_EnableUNICODE'
i:\Dev\r2l/source/gfx/RenderWindow.ooc:32: undefined reference to `SDL_GetVideoInfo'
i:\Dev\r2l/source/gfx/RenderWindow.ooc:60: undefined reference to `SDL_GL_SetAttribute'
i:\Dev\r2l/source/gfx/RenderWindow.ooc:63: undefined reference to `SDL_SetVideoMode'
i:\Dev\r2l/source/gfx/RenderWindow.ooc:81: undefined reference to `SDL_EnableKeyRepeat'
i:\Dev\r2l/source/gfx/RenderWindow.ooc:87: undefined reference to `SDL_ShowCursor'
rock_tmp\gfx_RenderWindow.o: In function `gfx_RenderWindow__RenderWindow_quit_impl':
i:\Dev\r2l/source/gfx/RenderWindow.ooc:95: undefined reference to `SDL_WM_ToggleFullScreen'
rock_tmp\gfx_RenderWindow.o: In function `gfx_RenderWindow__RenderWindow_resizeWindow_impl':
i:\Dev\r2l/source/gfx/RenderWindow.ooc:113: undefined reference to `glViewport@16'
i:\Dev\r2l/source/gfx/RenderWindow.ooc:116: undefined reference to `glMatrixMode@4'
i:\Dev\r2l/source/gfx/RenderWindow.ooc:117: undefined reference to `glLoadIdentity@0'
i:\Dev\r2l/source/gfx/RenderWindow.ooc:120: undefined reference to `gluPerspective@32'
i:\Dev\r2l/source/gfx/RenderWindow.ooc:124: undefined reference to `glMatrixMode@4'
i:\Dev\r2l/source/gfx/RenderWindow.ooc:127: undefined reference to `glLoadIdentity@0'
i:\Dev\r2l/source/gfx/RenderWindow.ooc:129: undefined reference to `glEnable@4'
i:\Dev\r2l/source/gfx/RenderWindow.ooc:133: undefined reference to `glBlendFunc@8'
rock_tmp\gfx_RenderWindow.o: In function `gfx_RenderWindow__RenderWindow_toggleFullScreen_impl':
i:\Dev\r2l/source/gfx/RenderWindow.ooc:148: undefined reference to `SDL_WM_ToggleFullScreen'
rock_tmp\gfx_RenderWindow.o: In function `gfx_RenderWindow__RenderWindow_initGL_impl':
i:\Dev\r2l/source/gfx/RenderWindow.ooc:162: undefined reference to `glShadeModel@4'
i:\Dev\r2l/source/gfx/RenderWindow.ooc:165: undefined reference to `glClearColor@16'
i:\Dev\r2l/source/gfx/RenderWindow.ooc:168: undefined reference to `glClearDepth@8'
rock_tmp\gfx_RenderWindow.o: In function `gfx_RenderWindow__RenderWindow_title_impl':
i:\Dev\r2l/source/gfx/RenderWindow.ooc:189: undefined reference to `SDL_WM_SetCaption'
rock_tmp\hud_Window.o: In function `hud_Window__Window_render_impl':
i:\Dev\r2l/source/hud/Window.ooc:56: undefined reference to `glTranslated@24'
rock_tmp\hud_Window.o: In function `hud_Window__Window_background_impl':
i:\Dev\r2l/source/hud/Window.ooc:251: undefined reference to `glBegin@4'
i:\Dev\r2l/source/hud/Window.ooc:252: undefined reference to `glColor4ub@16'
i:\Dev\r2l/source/hud/Window.ooc:253: undefined reference to `glVertex2i@8'
i:\Dev\r2l/source/hud/Window.ooc:254: undefined reference to `glVertex2i@8'
i:\Dev\r2l/source/hud/Window.ooc:255: undefined reference to `glVertex2i@8'
i:\Dev\r2l/source/hud/Window.ooc:256: undefined reference to `glVertex2i@8'
i:\Dev\r2l/source/hud/Window.ooc:257: undefined reference to `glEnd@0'
rock_tmp\hud_Window.o: In function `hud_Window__Window_round_impl':
i:\Dev\r2l/source/hud/Window.ooc:266: undefined reference to `glColor4ub@16'
i:\Dev\r2l/source/hud/Window.ooc:267: undefined reference to `glPushMatrix@0'
i:\Dev\r2l/source/hud/Window.ooc:272: undefined reference to `glBegin@4'
i:\Dev\r2l/source/hud/Window.ooc:273: undefined reference to `glVertex2f@8'
i:\Dev\r2l/source/hud/Window.ooc:275: undefined reference to `glVertex2f@8'
i:\Dev\r2l/source/hud/Window.ooc:278: undefined reference to `glVertex2f@8'
i:\Dev\r2l/source/hud/Window.ooc:279: undefined reference to `glEnd@0'
i:\Dev\r2l/source/hud/Window.ooc:282: undefined reference to `glTranslated@24'
i:\Dev\r2l/source/hud/Window.ooc:285: undefined reference to `glBegin@4'
i:\Dev\r2l/source/hud/Window.ooc:286: undefined reference to `glVertex2f@8'
i:\Dev\r2l/source/hud/Window.ooc:288: undefined reference to `glVertex2f@8'
i:\Dev\r2l/source/hud/Window.ooc:291: undefined reference to `glVertex2f@8'
i:\Dev\r2l/source/hud/Window.ooc:292: undefined reference to `glEnd@0'
i:\Dev\r2l/source/hud/Window.ooc:295: undefined reference to `glTranslated@24'
i:\Dev\r2l/source/hud/Window.ooc:298: undefined reference to `glBegin@4'
i:\Dev\r2l/source/hud/Window.ooc:299: undefined reference to `glVertex2f@8'
i:\Dev\r2l/source/hud/Window.ooc:301: undefined reference to `glVertex2f@8'
i:\Dev\r2l/source/hud/Window.ooc:304: undefined reference to `glVertex2f@8'
i:\Dev\r2l/source/hud/Window.ooc:305: undefined reference to `glEnd@0'
i:\Dev\r2l/source/hud/Window.ooc:308: undefined reference to `glTranslated@24'
i:\Dev\r2l/source/hud/Window.ooc:312: undefined reference to `glBegin@4'
i:\Dev\r2l/source/hud/Window.ooc:313: undefined reference to `glVertex2f@8'
i:\Dev\r2l/source/hud/Window.ooc:315: undefined reference to `glVertex2f@8'
i:\Dev\r2l/source/hud/Window.ooc:318: undefined reference to `glVertex2f@8'
i:\Dev\r2l/source/hud/Window.ooc:319: undefined reference to `glEnd@0'
i:\Dev\r2l/source/hud/Window.ooc:321: undefined reference to `glPopMatrix@0'
i:\Dev\r2l/source/hud/Window.ooc:323: undefined reference to `glPushMatrix@0'
i:\Dev\r2l/source/hud/Window.ooc:324: undefined reference to `glBegin@4'
i:\Dev\r2l/source/hud/Window.ooc:325: undefined reference to `glVertex2f@8'
i:\Dev\r2l/source/hud/Window.ooc:326: undefined reference to `glVertex2f@8'
i:\Dev\r2l/source/hud/Window.ooc:327: undefined reference to `glVertex2f@8'
i:\Dev\r2l/source/hud/Window.ooc:328: undefined reference to `glVertex2f@8'
i:\Dev\r2l/source/hud/Window.ooc:329: undefined reference to `glEnd@0'
i:\Dev\r2l/source/hud/Window.ooc:331: undefined reference to `glBegin@4'
i:\Dev\r2l/source/hud/Window.ooc:332: undefined reference to `glVertex2f@8'
i:\Dev\r2l/source/hud/Window.ooc:333: undefined reference to `glVertex2f@8'
i:\Dev\r2l/source/hud/Window.ooc:334: undefined reference to `glVertex2f@8'
i:\Dev\r2l/source/hud/Window.ooc:335: undefined reference to `glVertex2f@8'
i:\Dev\r2l/source/hud/Window.ooc:336: undefined reference to `glEnd@0'
i:\Dev\r2l/source/hud/Window.ooc:338: undefined reference to `glBegin@4'
i:\Dev\r2l/source/hud/Window.ooc:339: undefined reference to `glVertex2f@8'
i:\Dev\r2l/source/hud/Window.ooc:340: undefined reference to `glVertex2f@8'
i:\Dev\r2l/source/hud/Window.ooc:341: undefined reference to `glVertex2f@8'
i:\Dev\r2l/source/hud/Window.ooc:342: undefined reference to `glVertex2f@8'
i:\Dev\r2l/source/hud/Window.ooc:343: undefined reference to `glEnd@0'
i:\Dev\r2l/source/hud/Window.ooc:345: undefined reference to `glBegin@4'
i:\Dev\r2l/source/hud/Window.ooc:346: undefined reference to `glVertex2f@8'
i:\Dev\r2l/source/hud/Window.ooc:347: undefined reference to `glVertex2f@8'
i:\Dev\r2l/source/hud/Window.ooc:348: undefined reference to `glVertex2f@8'
i:\Dev\r2l/source/hud/Window.ooc:349: undefined reference to `glVertex2f@8'
i:\Dev\r2l/source/hud/Window.ooc:350: undefined reference to `glEnd@0'
i:\Dev\r2l/source/hud/Window.ooc:351: undefined reference to `glPopMatrix@0'
rock_tmp\hud_Widget.o: In function `hud_Widget__Widget_render_impl':
i:\Dev\r2l/source/hud/Widget.ooc:19: undefined reference to `glTranslated@24'
rock_tmp\gfx_Camera.o: In function `gfx_Camera__Camera_look_impl':
i:\Dev\r2l/source/gfx/Camera.ooc:92: undefined reference to `gluLookAt@72'
rock_tmp\hud_Hud.o: In function `hud_Hud__Hud_render_impl':
i:\Dev\r2l/source/hud/Hud.ooc:19: undefined reference to `glPushMatrix@0'
i:\Dev\r2l/source/hud/Hud.ooc:21: undefined reference to `glPopMatrix@0'
rock_tmp\hud_Hud.o: In function `hud_Hud__Hud_begin2D_impl':
i:\Dev\r2l/source/hud/Hud.ooc:32: undefined reference to `glDisable@4'
i:\Dev\r2l/source/hud/Hud.ooc:33: undefined reference to `glEnable@4'
i:\Dev\r2l/source/hud/Hud.ooc:34: undefined reference to `glMatrixMode@4'
i:\Dev\r2l/source/hud/Hud.ooc:35: undefined reference to `glPushMatrix@0'
i:\Dev\r2l/source/hud/Hud.ooc:36: undefined reference to `glLoadIdentity@0'
i:\Dev\r2l/source/hud/Hud.ooc:39: undefined reference to `gluOrtho2D@32'
i:\Dev\r2l/source/hud/Hud.ooc:40: undefined reference to `glMatrixMode@4'
i:\Dev\r2l/source/hud/Hud.ooc:41: undefined reference to `glPushMatrix@0'
i:\Dev\r2l/source/hud/Hud.ooc:42: undefined reference to `glLoadIdentity@0'
rock_tmp\hud_Hud.o: In function `hud_Hud__Hud_end2D_impl':
i:\Dev\r2l/source/hud/Hud.ooc:46: undefined reference to `glMatrixMode@4'
i:\Dev\r2l/source/hud/Hud.ooc:47: undefined reference to `glPopMatrix@0'
i:\Dev\r2l/source/hud/Hud.ooc:48: undefined reference to `glMatrixMode@4'
i:\Dev\r2l/source/hud/Hud.ooc:49: undefined reference to `glPopMatrix@0'
i:\Dev\r2l/source/hud/Hud.ooc:51: undefined reference to `glEnable@4'
i:\Dev\r2l/source/hud/Hud.ooc:52: undefined reference to `glDisable@4'
rock_tmp\gfx_Cube.o: In function `gfx_Cube__Cube_render_impl':
i:\Dev\r2l/source/gfx/Cube.ooc:16: undefined reference to `glBegin@4'
i:\Dev\r2l/source/gfx/Cube.ooc:17: undefined reference to `glColor3ub@12'
i:\Dev\r2l/source/gfx/Cube.ooc:18: undefined reference to `glVertex3d@24'
i:\Dev\r2l/source/gfx/Cube.ooc:19: undefined reference to `glVertex3d@24'
i:\Dev\r2l/source/gfx/Cube.ooc:20: undefined reference to `glVertex3d@24'
i:\Dev\r2l/source/gfx/Cube.ooc:21: undefined reference to `glVertex3d@24'
i:\Dev\r2l/source/gfx/Cube.ooc:23: undefined reference to `glColor3ub@12'
i:\Dev\r2l/source/gfx/Cube.ooc:24: undefined reference to `glVertex3d@24'
i:\Dev\r2l/source/gfx/Cube.ooc:25: undefined reference to `glVertex3d@24'
i:\Dev\r2l/source/gfx/Cube.ooc:26: undefined reference to `glVertex3d@24'
i:\Dev\r2l/source/gfx/Cube.ooc:27: undefined reference to `glVertex3d@24'
i:\Dev\r2l/source/gfx/Cube.ooc:29: undefined reference to `glColor3ub@12'
i:\Dev\r2l/source/gfx/Cube.ooc:30: undefined reference to `glVertex3d@24'
i:\Dev\r2l/source/gfx/Cube.ooc:31: undefined reference to `glVertex3d@24'
i:\Dev\r2l/source/gfx/Cube.ooc:32: undefined reference to `glVertex3d@24'
i:\Dev\r2l/source/gfx/Cube.ooc:33: undefined reference to `glVertex3d@24'
i:\Dev\r2l/source/gfx/Cube.ooc:35: undefined reference to `glColor3ub@12'
i:\Dev\r2l/source/gfx/Cube.ooc:36: undefined reference to `glVertex3d@24'
i:\Dev\r2l/source/gfx/Cube.ooc:37: undefined reference to `glVertex3d@24'
i:\Dev\r2l/source/gfx/Cube.ooc:38: undefined reference to `glVertex3d@24'
i:\Dev\r2l/source/gfx/Cube.ooc:39: undefined reference to `glVertex3d@24'
i:\Dev\r2l/source/gfx/Cube.ooc:41: undefined reference to `glColor3ub@12'
i:\Dev\r2l/source/gfx/Cube.ooc:42: undefined reference to `glVertex3d@24'
i:\Dev\r2l/source/gfx/Cube.ooc:43: undefined reference to `glVertex3d@24'
i:\Dev\r2l/source/gfx/Cube.ooc:44: undefined reference to `glVertex3d@24'
i:\Dev\r2l/source/gfx/Cube.ooc:45: undefined reference to `glVertex3d@24'
i:\Dev\r2l/source/gfx/Cube.ooc:47: undefined reference to `glColor3ub@12'
i:\Dev\r2l/source/gfx/Cube.ooc:48: undefined reference to `glVertex3d@24'
i:\Dev\r2l/source/gfx/Cube.ooc:49: undefined reference to `glVertex3d@24'
i:\Dev\r2l/source/gfx/Cube.ooc:50: undefined reference to `glVertex3d@24'
i:\Dev\r2l/source/gfx/Cube.ooc:51: undefined reference to `glVertex3d@24'
i:\Dev\r2l/source/gfx/Cube.ooc:52: undefined reference to `glEnd@0'
rock_tmp\gfx_Quad.o: In function `gfx_Quad__Quad_render_impl':
i:\Dev\r2l/source/gfx/Quad.ooc:22: undefined reference to `glEnable@4'
i:\Dev\r2l/source/gfx/Quad.ooc:23: undefined reference to `glColor3f@12'
i:\Dev\r2l/source/gfx/Quad.ooc:25: undefined reference to `glDisable@4'
rock_tmp\gfx_gl_GLPrimitives.o: In function `gfx_gl_GLPrimitives__glXYQuad':
i:\Dev\r2l/source/gfx/gl/GLPrimitives.ooc:7: undefined reference to `glBegin@4'
i:\Dev\r2l/source/gfx/gl/GLPrimitives.ooc:8: undefined reference to `glTexCoord2f@8'
i:\Dev\r2l/source/gfx/gl/GLPrimitives.ooc:9: undefined reference to `glVertex3f@12'
i:\Dev\r2l/source/gfx/gl/GLPrimitives.ooc:10: undefined reference to `glTexCoord2f@8'
i:\Dev\r2l/source/gfx/gl/GLPrimitives.ooc:11: undefined reference to `glVertex3f@12'
i:\Dev\r2l/source/gfx/gl/GLPrimitives.ooc:12: undefined reference to `glTexCoord2f@8'
i:\Dev\r2l/source/gfx/gl/GLPrimitives.ooc:13: undefined reference to `glVertex3f@12'
i:\Dev\r2l/source/gfx/gl/GLPrimitives.ooc:14: undefined reference to `glTexCoord2f@8'
i:\Dev\r2l/source/gfx/gl/GLPrimitives.ooc:15: undefined reference to `glVertex3f@12'
i:\Dev\r2l/source/gfx/gl/GLPrimitives.ooc:16: undefined reference to `glEnd@0'
rock_tmp\gfx_gl_GLPrimitives.o: In function `gfx_gl_GLPrimitives__glLine':
i:\Dev\r2l/source/gfx/gl/GLPrimitives.ooc:22: undefined reference to `glLineWidth@4'
i:\Dev\r2l/source/gfx/gl/GLPrimitives.ooc:23: undefined reference to `glBegin@4'
i:\Dev\r2l/source/gfx/gl/GLPrimitives.ooc:24: undefined reference to `glVertex3f@12'
i:\Dev\r2l/source/gfx/gl/GLPrimitives.ooc:25: undefined reference to `glVertex3f@12'
i:\Dev\r2l/source/gfx/gl/GLPrimitives.ooc:26: undefined reference to `glEnd@0'
i:\Dev\r2l/source/gfx/gl/GLPrimitives.ooc:27: undefined reference to `glLineWidth@4'
rock_tmp\gfx_Line.o: In function `gfx_Line__Line_render_impl':
i:\Dev\r2l/source/gfx/Line.ooc:37: undefined reference to `glColor3f@12'
rock_tmp\gfx_md5_MD5Model.o: In function `gfx_md5_MD5Model__MD5Model_prepareMesh_impl':
i:\Dev\r2l/source/gfx/md5/MD5Model.ooc:221: undefined reference to `ilutGLLoadImage'
rock_tmp\gfx_md5_MD5Model.o: In function `gfx_md5_MD5Model__MD5Model_drawSkeleton_impl':
i:\Dev\r2l/source/gfx/md5/MD5Model.ooc:290: undefined reference to `glPointSize@4'
i:\Dev\r2l/source/gfx/md5/MD5Model.ooc:291: undefined reference to `glColor3f@12'
i:\Dev\r2l/source/gfx/md5/MD5Model.ooc:292: undefined reference to `glBegin@4'
i:\Dev\r2l/source/gfx/md5/MD5Model.ooc:294: undefined reference to `glVertex3fv@4'
i:\Dev\r2l/source/gfx/md5/MD5Model.ooc:295: undefined reference to `glEnd@0'
i:\Dev\r2l/source/gfx/md5/MD5Model.ooc:296: undefined reference to `glPointSize@4'
i:\Dev\r2l/source/gfx/md5/MD5Model.ooc:299: undefined reference to `glColor3f@12'
i:\Dev\r2l/source/gfx/md5/MD5Model.ooc:300: undefined reference to `glBegin@4'
i:\Dev\r2l/source/gfx/md5/MD5Model.ooc:304: undefined reference to `glVertex3fv@4'
i:\Dev\r2l/source/gfx/md5/MD5Model.ooc:305: undefined reference to `glVertex3fv@4'
i:\Dev\r2l/source/gfx/md5/MD5Model.ooc:308: undefined reference to `glEnd@0'
rock_tmp\gfx_md5_MD5Model.o: In function `gfx_md5_MD5Model__MD5Model_render_impl':
i:\Dev\r2l/source/gfx/md5/MD5Model.ooc:335: undefined reference to `glColor3f@12'
i:\Dev\r2l/source/gfx/md5/MD5Model.ooc:336: undefined reference to `glEnable@4'
i:\Dev\r2l/source/gfx/md5/MD5Model.ooc:337: undefined reference to `glEnable@4'
i:\Dev\r2l/source/gfx/md5/MD5Model.ooc:338: undefined reference to `glFrontFace@4'
i:\Dev\r2l/source/gfx/md5/MD5Model.ooc:340: undefined reference to `glEnableClientState@4'
i:\Dev\r2l/source/gfx/md5/MD5Model.ooc:341: undefined reference to `glEnableClientState@4'
i:\Dev\r2l/source/gfx/md5/MD5Model.ooc:346: undefined reference to `glBindTexture@8'
i:\Dev\r2l/source/gfx/md5/MD5Model.ooc:347: undefined reference to `glVertexPointer@16'
i:\Dev\r2l/source/gfx/md5/MD5Model.ooc:348: undefined reference to `glTexCoordPointer@16'
i:\Dev\r2l/source/gfx/md5/MD5Model.ooc:350: undefined reference to `glDrawElements@16'
i:\Dev\r2l/source/gfx/md5/MD5Model.ooc:353: undefined reference to `glDisableClientState@4'
i:\Dev\r2l/source/gfx/md5/MD5Model.ooc:354: undefined reference to `glDisableClientState@4'
i:\Dev\r2l/source/gfx/md5/MD5Model.ooc:355: undefined reference to `glDisable@4'
i:\Dev\r2l/source/gfx/md5/MD5Model.ooc:356: undefined reference to `glDisable@4'
rock_tmp\gfx_md5_MD5Model.o: In function `gfx_md5_MD5Model_load':
i:\Dev\r2l/source/gfx/md5/MD5Model.ooc:183: undefined reference to `ilInit'
i:\Dev\r2l/source/gfx/md5/MD5Model.ooc:184: undefined reference to `ilutInit'
rock_tmp\gfx_r2m_R2MModel.o: In function `gfx_r2m_R2MModel__R2MModel_render_impl':
i:\Dev\r2l/source/gfx/r2m/R2MModel.ooc:28: undefined reference to `glPushMatrix@0'
i:\Dev\r2l/source/gfx/r2m/R2MModel.ooc:29: undefined reference to `glTranslated@24'
i:\Dev\r2l/source/gfx/r2m/R2MModel.ooc:30: undefined reference to `glRotated@32'
i:\Dev\r2l/source/gfx/r2m/R2MModel.ooc:34: undefined reference to `glPolygonMode@8'
i:\Dev\r2l/source/gfx/r2m/R2MModel.ooc:36: undefined reference to `glPolygonMode@8'
i:\Dev\r2l/source/gfx/r2m/R2MModel.ooc:38: undefined reference to `glPopMatrix@0'
rock_tmp\hud_ConvertCoords.o: In function `hud_ConvertCoords____hud_ConvertCoords_closure239':
i:\Dev\r2l/source/hud/ConvertCoords.ooc:25: undefined reference to `glGetDoublev@8'
i:\Dev\r2l/source/hud/ConvertCoords.ooc:26: undefined reference to `glGetDoublev@8'
i:\Dev\r2l/source/hud/ConvertCoords.ooc:27: undefined reference to `glGetIntegerv@8'
i:\Dev\r2l/source/hud/ConvertCoords.ooc:31: undefined reference to `glReadPixels@28'
i:\Dev\r2l/source/hud/ConvertCoords.ooc:33: undefined reference to `gluUnProject@48'
rock_tmp\hud_SpeedoMeter.o: In function `hud_SpeedoMeter__SpeedoMeter_wRender_impl':
i:\Dev\r2l/source/hud/SpeedoMeter.ooc:26: undefined reference to `glColor3f@12'
i:\Dev\r2l/source/hud/SpeedoMeter.ooc:30: undefined reference to `glColor3f@12'
collect2: ld returned 1 exit status
Compiling all modules...
gcc.exe -std=gnu99 -Wall -g -Ii:/Dev/rock\libs/headers/ -Irock_tmp -w -lmingw32 -lSDLmain -lSDL -lopengl32 -lglu32 -c rock_tmp\.\sdl\Core.c -o rock_tmp\sdl_Core.o -Ii:/Dev/rock\libs/headers/ -Irock_tmp -D__OOC_USE_GC__ -DGC_NO_THREAD_REDIRECTS -I.libs\source -I.libs\sdk -I.libs\./out -I.libs\. -w -lmingw32 -lSDLmain -lSDL -lopengl32 -lglu32 
gcc.exe -std=gnu99 -Wall -g -Ii:/Dev/rock\libs/headers/ -Irock_tmp -w -lmingw32 -lSDLmain -lSDL -lopengl32 -lglu32 -c rock_tmp\.\sdl\Event.c -o rock_tmp\sdl_Event.o -Ii:/Dev/rock\libs/headers/ -Irock_tmp -D__OOC_USE_GC__ -DGC_NO_THREAD_REDIRECTS -I.libs\source -I.libs\sdk -I.libs\./out -I.libs\. -w -lmingw32 -lSDLmain -lSDL -lopengl32 -lglu32 
gcc.exe -std=gnu99 -Wall -g -Ii:/Dev/rock\libs/headers/ -Irock_tmp -w -lmingw32 -lSDLmain -lSDL -lopengl32 -lglu32 -c rock_tmp\.\glu\Glu.c -o rock_tmp\glu_Glu.o -Ii:/Dev/rock\libs/headers/ -Irock_tmp -D__OOC_USE_GC__ -DGC_NO_THREAD_REDIRECTS -I.libs\source -I.libs\sdk -I.libs\./out -I.libs\. -w -lmingw32 -lSDLmain -lSDL -lopengl32 -lglu32 
gcc.exe -std=gnu99 -Wall -g -Ii:/Dev/rock\libs/headers/ -Irock_tmp -w -lmingw32 -lSDLmain -lSDL -lopengl32 -lglu32 -c rock_tmp\.\sdl\Video.c -o rock_tmp\sdl_Video.o -Ii:/Dev/rock\libs/headers/ -Irock_tmp -D__OOC_USE_GC__ -DGC_NO_THREAD_REDIRECTS -I.libs\source -I.libs\sdk -I.libs\./out -I.libs\. -w -lmingw32 -lSDLmain -lSDL -lopengl32 -lglu32 

gcc.exe -std=gnu99 -Wall -g -Ii:/Dev/rock\libs/headers/ -Irock_tmp -w -lmingw32 -lSDLmain -lSDL -lopengl32 -lglu32 rock_tmp\test_kart.o rock_tmp\engine_Engine.o rock_tmp\engine_Entity.o rock_tmp\engine_Property.o rock_tmp\engine_Types.o rock_tmp\engine_Update.o rock_tmp\engine_Message.o rock_tmp\gfx_Scene.o rock_tmp\gfx_Model.o rock_tmp\gfx_StaticMesh.o rock_tmp\gfx_ShaderProgram.o rock_tmp\gfx_Texture.o rock_tmp\devil.o rock_tmp\console_Console.o rock_tmp\ftgl.o rock_tmp\engine_EventMapper.o rock_tmp\gfx_RenderWindow.o rock_tmp\hud_Window.o rock_tmp\hud_Widget.o rock_tmp\console_Command.o rock_tmp\gfx_Camera.o rock_tmp\hud_Hud.o rock_tmp\gfx_Cube.o rock_tmp\gfx_Quad.o rock_tmp\gfx_gl_GLPrimitives.o rock_tmp\gfx_Line.o rock_tmp\physics_Body.o rock_tmp\physics_Force.o rock_tmp\physics_Geometry.o rock_tmp\physics_CollisionHandlerFactory.o rock_tmp\physics_Box.o rock_tmp\physics_Sphere.o rock_tmp\physics_sphereSphereCH.o rock_tmp\physics_sphereBoxCH.o rock_tmp\physics_boxBoxCH.o rock_tmp\physics_calculateAABB.o rock_tmp\gameplay_Kart.o rock_tmp\gfx_md5_MD5Loader.o rock_tmp\gfx_md5_MD5Model.o rock_tmp\gfx_r2m_R2MModel.o rock_tmp\physics_PhysicsEngine.o rock_tmp\ooc-hackit.o rock_tmp\gfx_r2m_R2MLoader.o rock_tmp\hud_ConvertCoords.o rock_tmp\hud_SpeedoMeter.o rock_tmp\lang_IO.o rock_tmp\lang_Numbers.o rock_tmp\lang_System.o rock_tmp\lang_types.o rock_tmp\lang_Memory.o rock_tmp\lang_Buffer.o rock_tmp\lang_Exception.o rock_tmp\lang_Character.o rock_tmp\lang_String.o rock_tmp\lang_VarArgs.o rock_tmp\lang_BufferIterator.o rock_tmp\lang_Iterators.o rock_tmp\structs_List.o rock_tmp\math_Random.o rock_tmp\os_Time.o rock_tmp\native_win32_types.o rock_tmp\structs_ArrayList.o rock_tmp\structs_HashMap.o rock_tmp\threading_Thread.o rock_tmp\threading_native_ThreadUnix.o rock_tmp\threading_native_ThreadWin32.o rock_tmp\native_win32_errors.o rock_tmp\threading_native_MutexUnix.o rock_tmp\threading_native_MutexWin32.o rock_tmp\threading_native_ThreadLocalUnix.o rock_tmp\threading_native_ThreadLocalWin32.o rock_tmp\structs_Stack.o rock_tmp\structs_LinkedList.o rock_tmp\os_Terminal.o rock_tmp\os_unistd.o rock_tmp\math.o rock_tmp\text_StringTokenizer.o rock_tmp\io_File.o rock_tmp\io_FileReader.o rock_tmp\io_Reader.o rock_tmp\io_FileWriter.o rock_tmp\io_Writer.o rock_tmp\io_BufferWriter.o rock_tmp\io_BufferReader.o rock_tmp\io_native_FileWin32.o rock_tmp\io_native_FileUnix.o rock_tmp\glew.o rock_tmp\sdl_Core.o rock_tmp\sdl_Event.o rock_tmp\glu_Glu.o rock_tmp\sdl_Video.o -D__OOC_USE_GC__ -DGC_NO_THREAD_REDIRECTS -I.libs\source -I.libs\sdk -I.libs\./out -I.libs\. -o kart.x -lGLEW -lm -lIL -lILU -lILUT -lftgl -lpthread i:/Dev/rock\libs/win32/libgc.a 
[FAIL]
C compiler failed (got code 1), aborting compilation process
make: *** [kart] Error 1
